[ 2011-10-26T15:26:25+08:00 ] NOTIC: [2] session_start() [<a href='function.session-start'>function.session-start</a>]: Cannot send session cache limiter - headers already sent (output started at D:\XAMPP\htdocs\oj\Examples\config.php:1) App.class.php 第 64 行.
[ 2011-10-26T15:26:25+08:00 ] SQL: SHOW COLUMNS FROM `think_form` [ RunTime:0.058388s ]
[ 2011-10-26T15:26:25+08:00 ] SQL: SELECT * FROM `think_form` ORDER BY id desc LIMIT 5  [ RunTime:0.014346s ]
[ 2011-10-26T15:26:25+08:00 ] NOTIC: [2] Cannot modify header information - headers already sent by (output started at D:\XAMPP\htdocs\oj\Examples\config.php:1) View.class.php 第 184 行.
[ 2011-10-26T15:26:25+08:00 ] NOTIC: [2] Cannot modify header information - headers already sent by (output started at D:\XAMPP\htdocs\oj\Examples\config.php:1) View.class.php 第 185 行.
[ 2011-10-26T15:26:25+08:00 ] NOTIC: [2] Cannot modify header information - headers already sent by (output started at D:\XAMPP\htdocs\oj\Examples\config.php:1) View.class.php 第 186 行.
[ 2011-10-26T15:26:30+08:00 ] NOTIC: [2] session_start() [<a href='function.session-start'>function.session-start</a>]: Cannot send session cache limiter - headers already sent (output started at D:\XAMPP\htdocs\oj\Examples\config.php:1) ~runtime.php 第 2 行.
[ 2011-10-26T15:26:30+08:00 ] SQL: SHOW COLUMNS FROM `think_form` [ RunTime:0.005192s ]
[ 2011-10-26T15:26:30+08:00 ] SQL: SELECT * FROM `think_form` WHERE ( `id` = '2' ) LIMIT 1  [ RunTime:0.000495s ]
[ 2011-10-26T15:26:30+08:00 ] NOTIC: [2] Cannot modify header information - headers already sent by (output started at D:\XAMPP\htdocs\oj\Examples\config.php:1) ~runtime.php 第 2 行.
[ 2011-10-26T15:26:30+08:00 ] NOTIC: [2] Cannot modify header information - headers already sent by (output started at D:\XAMPP\htdocs\oj\Examples\config.php:1) ~runtime.php 第 2 行.
[ 2011-10-26T15:26:30+08:00 ] NOTIC: [2] Cannot modify header information - headers already sent by (output started at D:\XAMPP\htdocs\oj\Examples\config.php:1) ~runtime.php 第 2 行.
[ 2011-10-26T15:28:30+08:00 ] NOTIC: [2] session_start() [<a href='function.session-start'>function.session-start</a>]: Cannot send session cache limiter - headers already sent (output started at D:\XAMPP\htdocs\oj\Examples\config.php:1) ~runtime.php 第 2 行.
[ 2011-10-26T15:28:30+08:00 ] SQL: SHOW COLUMNS FROM `think_form` [ RunTime:0.004173s ]
[ 2011-10-26T15:28:30+08:00 ] SQL: SELECT * FROM `think_form` WHERE ( `id` = '2' ) LIMIT 1  [ RunTime:0.002073s ]
[ 2011-10-26T15:28:30+08:00 ] NOTIC: [2] Cannot modify header information - headers already sent by (output started at D:\XAMPP\htdocs\oj\Examples\config.php:1) ~runtime.php 第 2 行.
[ 2011-10-26T15:28:30+08:00 ] NOTIC: [2] Cannot modify header information - headers already sent by (output started at D:\XAMPP\htdocs\oj\Examples\config.php:1) ~runtime.php 第 2 行.
[ 2011-10-26T15:28:30+08:00 ] NOTIC: [2] Cannot modify header information - headers already sent by (output started at D:\XAMPP\htdocs\oj\Examples\config.php:1) ~runtime.php 第 2 行.
[ 2011-10-26T19:28:12+08:00 ] NOTIC: [2] session_start() [<a href='function.session-start'>function.session-start</a>]: Cannot send session cache limiter - headers already sent (output started at D:\XAMPP\htdocs\oj\Examples\config.php:1) ~runtime.php 第 2 行.
[ 2011-10-26T19:28:12+08:00 ] SQL: SHOW COLUMNS FROM `think_form` [ RunTime:0.003490s ]
[ 2011-10-26T19:28:12+08:00 ] SQL: SELECT * FROM `think_form` ORDER BY id desc LIMIT 5  [ RunTime:0.001332s ]
[ 2011-10-26T19:28:12+08:00 ] NOTIC: [2] Cannot modify header information - headers already sent by (output started at D:\XAMPP\htdocs\oj\Examples\config.php:1) ~runtime.php 第 2 行.
[ 2011-10-26T19:28:12+08:00 ] NOTIC: [2] Cannot modify header information - headers already sent by (output started at D:\XAMPP\htdocs\oj\Examples\config.php:1) ~runtime.php 第 2 行.
[ 2011-10-26T19:28:12+08:00 ] NOTIC: [2] Cannot modify header information - headers already sent by (output started at D:\XAMPP\htdocs\oj\Examples\config.php:1) ~runtime.php 第 2 行.
