[ 2011-10-26T08:43:56+08:00 ] ERR: (ThinkException) Access denied for user 'root'@'localhost' (using password: NO)
[ 2011-10-26T08:43:57+08:00 ] ERR: (ThinkException) Access denied for user 'root'@'localhost' (using password: NO)
[ 2011-10-26T08:43:58+08:00 ] ERR: (ThinkException) Access denied for user 'root'@'localhost' (using password: NO)
[ 2011-10-26T08:44:05+08:00 ] ERR: (ThinkException) Access denied for user 'root'@'localhost' (using password: NO)
[ 2011-10-26T08:44:06+08:00 ] ERR: (ThinkException) Access denied for user 'root'@'localhost' (using password: NO)
[ 2011-10-26T08:44:07+08:00 ] ERR: (ThinkException) Access denied for user 'root'@'localhost' (using password: NO)
[ 2011-10-26T08:44:25+08:00 ] ERR: (ThinkException) Unknown database 'tpexamples'
[ 2011-10-26T08:44:27+08:00 ] ERR: (ThinkException) Unknown database 'tpexamples'
[ 2011-10-26T08:44:27+08:00 ] ERR: (ThinkException) Unknown database 'tpexamples'
[ 2011-10-26T08:44:27+08:00 ] ERR: (ThinkException) Unknown database 'tpexamples'
[ 2011-10-26T08:44:28+08:00 ] ERR: (ThinkException) Unknown database 'tpexamples'
[ 2011-10-26T08:44:28+08:00 ] ERR: (ThinkException) Unknown database 'tpexamples'
[ 2011-10-26T08:44:40+08:00 ] NOTIC: [2] session_start() [<a href='function.session-start'>function.session-start</a>]: Cannot send session cache limiter - headers already sent (output started at D:\XAMPP\htdocs\oj\Examples\config.php:1) ~runtime.php 第 2 行.
[ 2011-10-26T08:44:40+08:00 ] SQL: SHOW COLUMNS FROM `think_user` [ RunTime:0.027919s ]
[ 2011-10-26T08:44:40+08:00 ] SQL: SELECT * FROM `think_user` WHERE ( `account` = 'member' ) AND ( `status` > 0 ) LIMIT 1  [ RunTime:0.001144s ]
[ 2011-10-26T08:44:40+08:00 ] SQL: UPDATE `think_user` SET `last_login_time`=1319589880,`login_count`=login_count+1,`last_login_ip`='127.0.0.1' WHERE ( `id` = '3' ) [ RunTime:0.000802s ]
[ 2011-10-26T08:44:40+08:00 ] NOTIC: [8] Undefined index: administrator RBAC.class.php 第 92 行.
[ 2011-10-26T08:44:40+08:00 ] SQL: select node.id,node.name from think_role as role,think_role_user as user,think_access as access ,think_node as node where user.user_id='3' and user.role_id=role.id and ( access.role_id=role.id  or (access.role_id=role.pid and role.pid!=0 ) ) and role.status=1 and access.node_id=node.id and node.level=1 and node.status=1 [ RunTime:0.000917s ]
[ 2011-10-26T08:44:40+08:00 ] SQL: select node.id,node.name from think_role as role,think_role_user as user,think_access as access ,think_node as node where user.user_id='3' and user.role_id=role.id and ( access.role_id=role.id  or (access.role_id=role.pid and role.pid!=0 ) ) and role.status=1 and access.node_id=node.id and node.level=2 and node.pid=1 and node.status=1 [ RunTime:0.000703s ]
[ 2011-10-26T08:44:40+08:00 ] SQL: select node.id,node.name from think_role as role,think_role_user as user,think_access as access ,think_node as node where user.user_id='3' and user.role_id=role.id and ( access.role_id=role.id  or (access.role_id=role.pid and role.pid!=0 ) ) and role.status=1 and access.node_id=node.id and node.level=3 and node.pid=30 and node.status=1 [ RunTime:0.000683s ]
[ 2011-10-26T08:44:40+08:00 ] SQL: select node.id,node.name from think_role as role,think_role_user as user,think_access as access ,think_node as node where user.user_id='3' and user.role_id=role.id and ( access.role_id=role.id  or (access.role_id=role.pid and role.pid!=0 ) ) and role.status=1 and access.node_id=node.id and node.level=3 and node.pid=40 and node.status=1 [ RunTime:0.000594s ]
[ 2011-10-26T08:44:40+08:00 ] SQL: select node.id,node.name from think_role as role,think_role_user as user,think_access as access ,think_node as node where user.user_id='3' and user.role_id=role.id and ( access.role_id=role.id  or (access.role_id=role.pid and role.pid!=0 ) ) and role.status=1 and access.node_id=node.id and node.level=3 and node.pid=69 and node.status=1 [ RunTime:0.000400s ]
[ 2011-10-26T08:44:41+08:00 ] NOTIC: [2] session_start() [<a href='function.session-start'>function.session-start</a>]: Cannot send session cache limiter - headers already sent (output started at D:\XAMPP\htdocs\oj\Examples\config.php:1) ~runtime.php 第 2 行.
[ 2011-10-26T08:44:41+08:00 ] NOTIC: [2] Cannot modify header information - headers already sent by (output started at D:\XAMPP\htdocs\oj\Examples\config.php:1) ~runtime.php 第 2 行.
[ 2011-10-26T08:44:41+08:00 ] NOTIC: [2] Cannot modify header information - headers already sent by (output started at D:\XAMPP\htdocs\oj\Examples\config.php:1) ~runtime.php 第 2 行.
[ 2011-10-26T08:44:41+08:00 ] NOTIC: [2] Cannot modify header information - headers already sent by (output started at D:\XAMPP\htdocs\oj\Examples\config.php:1) ~runtime.php 第 2 行.
[ 2011-10-26T08:44:41+08:00 ] NOTIC: [2] session_start() [<a href='function.session-start'>function.session-start</a>]: Cannot send session cache limiter - headers already sent (output started at D:\XAMPP\htdocs\oj\Examples\config.php:1) ~runtime.php 第 2 行.
[ 2011-10-26T08:44:41+08:00 ] SQL: SHOW COLUMNS FROM `think_group` [ RunTime:0.005820s ]
[ 2011-10-26T08:44:41+08:00 ] SQL: SELECT id,title FROM `think_group` WHERE status=1 [ RunTime:0.000418s ]
[ 2011-10-26T08:44:41+08:00 ] NOTIC: [2] Cannot modify header information - headers already sent by (output started at D:\XAMPP\htdocs\oj\Examples\config.php:1) ~runtime.php 第 2 行.
[ 2011-10-26T08:44:41+08:00 ] NOTIC: [2] Cannot modify header information - headers already sent by (output started at D:\XAMPP\htdocs\oj\Examples\config.php:1) ~runtime.php 第 2 行.
[ 2011-10-26T08:44:41+08:00 ] NOTIC: [2] Cannot modify header information - headers already sent by (output started at D:\XAMPP\htdocs\oj\Examples\config.php:1) ~runtime.php 第 2 行.
[ 2011-10-26T08:44:41+08:00 ] NOTIC: [2] session_start() [<a href='function.session-start'>function.session-start</a>]: Cannot send session cache limiter - headers already sent (output started at D:\XAMPP\htdocs\oj\Examples\config.php:1) ~runtime.php 第 2 行.
[ 2011-10-26T08:44:41+08:00 ] SQL: SHOW COLUMNS FROM `think_node` [ RunTime:0.003057s ]
[ 2011-10-26T08:44:41+08:00 ] SQL: SELECT `id` FROM `think_node` LIMIT 1  [ RunTime:0.001094s ]
[ 2011-10-26T08:44:41+08:00 ] SQL: SELECT id,name,group_id,title FROM `think_node` WHERE ( `level` = 2 ) AND ( `status` = 1 ) AND ( `pid` = '1' ) ORDER BY sort asc [ RunTime:0.000509s ]
[ 2011-10-26T08:44:41+08:00 ] NOTIC: [8] Undefined index: administrator PublicAction.class.php 第 57 行.
[ 2011-10-26T08:44:41+08:00 ] NOTIC: [8] Undefined index: administrator PublicAction.class.php 第 57 行.
[ 2011-10-26T08:44:41+08:00 ] NOTIC: [8] Undefined index: administrator PublicAction.class.php 第 57 行.
[ 2011-10-26T08:44:41+08:00 ] NOTIC: [8] Undefined index: administrator PublicAction.class.php 第 57 行.
[ 2011-10-26T08:44:41+08:00 ] NOTIC: [2] Cannot modify header information - headers already sent by (output started at D:\XAMPP\htdocs\oj\Examples\config.php:1) ~runtime.php 第 2 行.
[ 2011-10-26T08:44:41+08:00 ] NOTIC: [2] Cannot modify header information - headers already sent by (output started at D:\XAMPP\htdocs\oj\Examples\config.php:1) ~runtime.php 第 2 行.
[ 2011-10-26T08:44:41+08:00 ] NOTIC: [2] Cannot modify header information - headers already sent by (output started at D:\XAMPP\htdocs\oj\Examples\config.php:1) ~runtime.php 第 2 行.
[ 2011-10-26T08:44:41+08:00 ] NOTIC: [8] Undefined variable: menuTag a7e83d789bc162c582da59def6e0b6ea.php 第 22 行.
[ 2011-10-26T08:44:41+08:00 ] NOTIC: [8] Undefined variable: menuTag a7e83d789bc162c582da59def6e0b6ea.php 第 22 行.
[ 2011-10-26T08:44:41+08:00 ] NOTIC: [2] session_start() [<a href='function.session-start'>function.session-start</a>]: Cannot send session cache limiter - headers already sent (output started at D:\XAMPP\htdocs\oj\Examples\config.php:1) ~runtime.php 第 2 行.
[ 2011-10-26T08:44:41+08:00 ] NOTIC: [2] Cannot modify header information - headers already sent by (output started at D:\XAMPP\htdocs\oj\Examples\config.php:1) ~runtime.php 第 2 行.
[ 2011-10-26T08:44:41+08:00 ] NOTIC: [2] Cannot modify header information - headers already sent by (output started at D:\XAMPP\htdocs\oj\Examples\config.php:1) ~runtime.php 第 2 行.
[ 2011-10-26T08:44:41+08:00 ] NOTIC: [2] Cannot modify header information - headers already sent by (output started at D:\XAMPP\htdocs\oj\Examples\config.php:1) ~runtime.php 第 2 行.
[ 2011-10-26T08:44:41+08:00 ] NOTIC: [2] session_start() [<a href='function.session-start'>function.session-start</a>]: Cannot send session cache limiter - headers already sent (output started at D:\XAMPP\htdocs\oj\Examples\config.php:1) ~runtime.php 第 2 行.
[ 2011-10-26T08:44:41+08:00 ] NOTIC: [2] Cannot modify header information - headers already sent by (output started at D:\XAMPP\htdocs\oj\Examples\config.php:1) ~runtime.php 第 2 行.
[ 2011-10-26T08:44:41+08:00 ] NOTIC: [2] Cannot modify header information - headers already sent by (output started at D:\XAMPP\htdocs\oj\Examples\config.php:1) ~runtime.php 第 2 行.
[ 2011-10-26T08:44:41+08:00 ] NOTIC: [2] Cannot modify header information - headers already sent by (output started at D:\XAMPP\htdocs\oj\Examples\config.php:1) ~runtime.php 第 2 行.
[ 2011-10-26T08:44:41+08:00 ] NOTIC: [2] session_start() [<a href='function.session-start'>function.session-start</a>]: Cannot send session cache limiter - headers already sent (output started at D:\XAMPP\htdocs\oj\Examples\config.php:1) ~runtime.php 第 2 行.
[ 2011-10-26T08:44:41+08:00 ] NOTIC: [2] Cannot modify header information - headers already sent by (output started at D:\XAMPP\htdocs\oj\Examples\config.php:1) ~runtime.php 第 2 行.
[ 2011-10-26T08:44:41+08:00 ] NOTIC: [2] Cannot modify header information - headers already sent by (output started at D:\XAMPP\htdocs\oj\Examples\config.php:1) ~runtime.php 第 2 行.
[ 2011-10-26T08:44:41+08:00 ] NOTIC: [2] Cannot modify header information - headers already sent by (output started at D:\XAMPP\htdocs\oj\Examples\config.php:1) ~runtime.php 第 2 行.
[ 2011-10-26T08:44:52+08:00 ] NOTIC: [2] session_start() [<a href='function.session-start'>function.session-start</a>]: Cannot send session cache limiter - headers already sent (output started at D:\XAMPP\htdocs\oj\Examples\config.php:1) ~runtime.php 第 2 行.
[ 2011-10-26T08:44:52+08:00 ] NOTIC: [2] Cannot modify header information - headers already sent by (output started at D:\XAMPP\htdocs\oj\Examples\config.php:1) ~runtime.php 第 2 行.
[ 2011-10-26T08:44:52+08:00 ] NOTIC: [2] Cannot modify header information - headers already sent by (output started at D:\XAMPP\htdocs\oj\Examples\config.php:1) ~runtime.php 第 2 行.
[ 2011-10-26T08:44:52+08:00 ] NOTIC: [2] Cannot modify header information - headers already sent by (output started at D:\XAMPP\htdocs\oj\Examples\config.php:1) ~runtime.php 第 2 行.
[ 2011-10-26T08:44:53+08:00 ] NOTIC: [2] session_start() [<a href='function.session-start'>function.session-start</a>]: Cannot send session cache limiter - headers already sent (output started at D:\XAMPP\htdocs\oj\Examples\config.php:1) ~runtime.php 第 2 行.
[ 2011-10-26T08:44:53+08:00 ] NOTIC: [2] Cannot modify header information - headers already sent by (output started at D:\XAMPP\htdocs\oj\Examples\config.php:1) ~runtime.php 第 2 行.
[ 2011-10-26T08:44:53+08:00 ] NOTIC: [2] Cannot modify header information - headers already sent by (output started at D:\XAMPP\htdocs\oj\Examples\config.php:1) ~runtime.php 第 2 行.
[ 2011-10-26T08:44:53+08:00 ] NOTIC: [2] Cannot modify header information - headers already sent by (output started at D:\XAMPP\htdocs\oj\Examples\config.php:1) ~runtime.php 第 2 行.
[ 2011-10-26T08:44:53+08:00 ] NOTIC: [2] session_start() [<a href='function.session-start'>function.session-start</a>]: Cannot send session cache limiter - headers already sent (output started at D:\XAMPP\htdocs\oj\Examples\config.php:1) ~runtime.php 第 2 行.
[ 2011-10-26T08:44:53+08:00 ] NOTIC: [2] Cannot modify header information - headers already sent by (output started at D:\XAMPP\htdocs\oj\Examples\config.php:1) Image.class.php 第 527 行.
[ 2011-10-26T08:44:55+08:00 ] NOTIC: [2] session_start() [<a href='function.session-start'>function.session-start</a>]: Cannot send session cache limiter - headers already sent (output started at D:\XAMPP\htdocs\oj\Examples\config.php:1) ~runtime.php 第 2 行.
[ 2011-10-26T08:44:55+08:00 ] NOTIC: [2] Cannot modify header information - headers already sent by (output started at D:\XAMPP\htdocs\oj\Examples\config.php:1) ~runtime.php 第 2 行.
[ 2011-10-26T08:44:55+08:00 ] NOTIC: [2] Cannot modify header information - headers already sent by (output started at D:\XAMPP\htdocs\oj\Examples\config.php:1) ~runtime.php 第 2 行.
[ 2011-10-26T08:44:55+08:00 ] NOTIC: [2] Cannot modify header information - headers already sent by (output started at D:\XAMPP\htdocs\oj\Examples\config.php:1) ~runtime.php 第 2 行.
[ 2011-10-26T08:44:55+08:00 ] NOTIC: [2] session_start() [<a href='function.session-start'>function.session-start</a>]: Cannot send session cache limiter - headers already sent (output started at D:\XAMPP\htdocs\oj\Examples\config.php:1) ~runtime.php 第 2 行.
[ 2011-10-26T08:44:55+08:00 ] NOTIC: [2] Cannot modify header information - headers already sent by (output started at D:\XAMPP\htdocs\oj\Examples\config.php:1) Image.class.php 第 527 行.
[ 2011-10-26T08:44:56+08:00 ] NOTIC: [2] session_start() [<a href='function.session-start'>function.session-start</a>]: Cannot send session cache limiter - headers already sent (output started at D:\XAMPP\htdocs\oj\Examples\config.php:1) ~runtime.php 第 2 行.
[ 2011-10-26T08:44:56+08:00 ] NOTIC: [2] Cannot modify header information - headers already sent by (output started at D:\XAMPP\htdocs\oj\Examples\config.php:1) ~runtime.php 第 2 行.
[ 2011-10-26T08:44:56+08:00 ] NOTIC: [2] Cannot modify header information - headers already sent by (output started at D:\XAMPP\htdocs\oj\Examples\config.php:1) ~runtime.php 第 2 行.
[ 2011-10-26T08:44:56+08:00 ] NOTIC: [2] Cannot modify header information - headers already sent by (output started at D:\XAMPP\htdocs\oj\Examples\config.php:1) ~runtime.php 第 2 行.
[ 2011-10-26T08:44:56+08:00 ] NOTIC: [2] session_start() [<a href='function.session-start'>function.session-start</a>]: Cannot send session cache limiter - headers already sent (output started at D:\XAMPP\htdocs\oj\Examples\config.php:1) ~runtime.php 第 2 行.
[ 2011-10-26T08:44:56+08:00 ] NOTIC: [2] Cannot modify header information - headers already sent by (output started at D:\XAMPP\htdocs\oj\Examples\config.php:1) Image.class.php 第 527 行.
[ 2011-10-26T08:44:57+08:00 ] NOTIC: [2] session_start() [<a href='function.session-start'>function.session-start</a>]: Cannot send session cache limiter - headers already sent (output started at D:\XAMPP\htdocs\oj\Examples\config.php:1) ~runtime.php 第 2 行.
[ 2011-10-26T08:44:57+08:00 ] NOTIC: [2] Cannot modify header information - headers already sent by (output started at D:\XAMPP\htdocs\oj\Examples\config.php:1) ~runtime.php 第 2 行.
[ 2011-10-26T08:44:57+08:00 ] NOTIC: [2] Cannot modify header information - headers already sent by (output started at D:\XAMPP\htdocs\oj\Examples\config.php:1) ~runtime.php 第 2 行.
[ 2011-10-26T08:44:57+08:00 ] NOTIC: [2] Cannot modify header information - headers already sent by (output started at D:\XAMPP\htdocs\oj\Examples\config.php:1) ~runtime.php 第 2 行.
[ 2011-10-26T08:44:57+08:00 ] NOTIC: [2] session_start() [<a href='function.session-start'>function.session-start</a>]: Cannot send session cache limiter - headers already sent (output started at D:\XAMPP\htdocs\oj\Examples\config.php:1) ~runtime.php 第 2 行.
[ 2011-10-26T08:44:57+08:00 ] NOTIC: [2] Cannot modify header information - headers already sent by (output started at D:\XAMPP\htdocs\oj\Examples\config.php:1) Image.class.php 第 527 行.
[ 2011-10-26T08:44:57+08:00 ] NOTIC: [2] session_start() [<a href='function.session-start'>function.session-start</a>]: Cannot send session cache limiter - headers already sent (output started at D:\XAMPP\htdocs\oj\Examples\config.php:1) ~runtime.php 第 2 行.
[ 2011-10-26T08:44:57+08:00 ] NOTIC: [2] Cannot modify header information - headers already sent by (output started at D:\XAMPP\htdocs\oj\Examples\config.php:1) ~runtime.php 第 2 行.
[ 2011-10-26T08:44:57+08:00 ] NOTIC: [2] Cannot modify header information - headers already sent by (output started at D:\XAMPP\htdocs\oj\Examples\config.php:1) ~runtime.php 第 2 行.
[ 2011-10-26T08:44:57+08:00 ] NOTIC: [2] Cannot modify header information - headers already sent by (output started at D:\XAMPP\htdocs\oj\Examples\config.php:1) ~runtime.php 第 2 行.
[ 2011-10-26T08:44:57+08:00 ] NOTIC: [2] session_start() [<a href='function.session-start'>function.session-start</a>]: Cannot send session cache limiter - headers already sent (output started at D:\XAMPP\htdocs\oj\Examples\config.php:1) ~runtime.php 第 2 行.
[ 2011-10-26T08:44:57+08:00 ] NOTIC: [2] Cannot modify header information - headers already sent by (output started at D:\XAMPP\htdocs\oj\Examples\config.php:1) Image.class.php 第 527 行.
[ 2011-10-26T08:44:58+08:00 ] NOTIC: [2] session_start() [<a href='function.session-start'>function.session-start</a>]: Cannot send session cache limiter - headers already sent (output started at D:\XAMPP\htdocs\oj\Examples\config.php:1) ~runtime.php 第 2 行.
[ 2011-10-26T08:44:58+08:00 ] NOTIC: [2] Cannot modify header information - headers already sent by (output started at D:\XAMPP\htdocs\oj\Examples\config.php:1) ~runtime.php 第 2 行.
[ 2011-10-26T08:44:58+08:00 ] NOTIC: [2] Cannot modify header information - headers already sent by (output started at D:\XAMPP\htdocs\oj\Examples\config.php:1) ~runtime.php 第 2 行.
[ 2011-10-26T08:44:58+08:00 ] NOTIC: [2] Cannot modify header information - headers already sent by (output started at D:\XAMPP\htdocs\oj\Examples\config.php:1) ~runtime.php 第 2 行.
[ 2011-10-26T08:44:58+08:00 ] NOTIC: [2] session_start() [<a href='function.session-start'>function.session-start</a>]: Cannot send session cache limiter - headers already sent (output started at D:\XAMPP\htdocs\oj\Examples\config.php:1) ~runtime.php 第 2 行.
[ 2011-10-26T08:44:58+08:00 ] NOTIC: [2] Cannot modify header information - headers already sent by (output started at D:\XAMPP\htdocs\oj\Examples\config.php:1) Image.class.php 第 527 行.
[ 2011-10-26T08:45:05+08:00 ] NOTIC: [2] session_start() [<a href='function.session-start'>function.session-start</a>]: Cannot send session cache limiter - headers already sent (output started at D:\XAMPP\htdocs\oj\Examples\config.php:1) ~runtime.php 第 2 行.
[ 2011-10-26T08:45:05+08:00 ] NOTIC: [2] Cannot modify header information - headers already sent by (output started at D:\XAMPP\htdocs\oj\Examples\config.php:1) ~runtime.php 第 2 行.
[ 2011-10-26T08:45:05+08:00 ] NOTIC: [2] Cannot modify header information - headers already sent by (output started at D:\XAMPP\htdocs\oj\Examples\config.php:1) ~runtime.php 第 2 行.
[ 2011-10-26T08:45:05+08:00 ] NOTIC: [2] Cannot modify header information - headers already sent by (output started at D:\XAMPP\htdocs\oj\Examples\config.php:1) ~runtime.php 第 2 行.
[ 2011-10-26T08:45:05+08:00 ] NOTIC: [2] session_start() [<a href='function.session-start'>function.session-start</a>]: Cannot send session cache limiter - headers already sent (output started at D:\XAMPP\htdocs\oj\Examples\config.php:1) ~runtime.php 第 2 行.
[ 2011-10-26T08:45:05+08:00 ] NOTIC: [2] Cannot modify header information - headers already sent by (output started at D:\XAMPP\htdocs\oj\Examples\config.php:1) Image.class.php 第 527 行.
[ 2011-10-26T08:45:06+08:00 ] NOTIC: [2] session_start() [<a href='function.session-start'>function.session-start</a>]: Cannot send session cache limiter - headers already sent (output started at D:\XAMPP\htdocs\oj\Examples\config.php:1) ~runtime.php 第 2 行.
[ 2011-10-26T08:45:06+08:00 ] NOTIC: [2] Cannot modify header information - headers already sent by (output started at D:\XAMPP\htdocs\oj\Examples\config.php:1) Image.class.php 第 527 行.
[ 2011-10-26T08:45:07+08:00 ] NOTIC: [2] session_start() [<a href='function.session-start'>function.session-start</a>]: Cannot send session cache limiter - headers already sent (output started at D:\XAMPP\htdocs\oj\Examples\config.php:1) ~runtime.php 第 2 行.
[ 2011-10-26T08:45:07+08:00 ] NOTIC: [2] Cannot modify header information - headers already sent by (output started at D:\XAMPP\htdocs\oj\Examples\config.php:1) Image.class.php 第 527 行.
[ 2011-10-26T08:45:07+08:00 ] NOTIC: [2] session_start() [<a href='function.session-start'>function.session-start</a>]: Cannot send session cache limiter - headers already sent (output started at D:\XAMPP\htdocs\oj\Examples\config.php:1) ~runtime.php 第 2 行.
[ 2011-10-26T08:45:07+08:00 ] NOTIC: [2] Cannot modify header information - headers already sent by (output started at D:\XAMPP\htdocs\oj\Examples\config.php:1) Image.class.php 第 527 行.
[ 2011-10-26T08:45:07+08:00 ] NOTIC: [2] session_start() [<a href='function.session-start'>function.session-start</a>]: Cannot send session cache limiter - headers already sent (output started at D:\XAMPP\htdocs\oj\Examples\config.php:1) ~runtime.php 第 2 行.
[ 2011-10-26T08:45:07+08:00 ] NOTIC: [2] Cannot modify header information - headers already sent by (output started at D:\XAMPP\htdocs\oj\Examples\config.php:1) Image.class.php 第 527 行.
[ 2011-10-26T08:45:08+08:00 ] NOTIC: [2] session_start() [<a href='function.session-start'>function.session-start</a>]: Cannot send session cache limiter - headers already sent (output started at D:\XAMPP\htdocs\oj\Examples\config.php:1) ~runtime.php 第 2 行.
[ 2011-10-26T08:45:08+08:00 ] NOTIC: [2] Cannot modify header information - headers already sent by (output started at D:\XAMPP\htdocs\oj\Examples\config.php:1) ~runtime.php 第 2 行.
[ 2011-10-26T08:45:08+08:00 ] NOTIC: [2] Cannot modify header information - headers already sent by (output started at D:\XAMPP\htdocs\oj\Examples\config.php:1) ~runtime.php 第 2 行.
[ 2011-10-26T08:45:08+08:00 ] NOTIC: [2] Cannot modify header information - headers already sent by (output started at D:\XAMPP\htdocs\oj\Examples\config.php:1) ~runtime.php 第 2 行.
[ 2011-10-26T08:45:08+08:00 ] NOTIC: [2] session_start() [<a href='function.session-start'>function.session-start</a>]: Cannot send session cache limiter - headers already sent (output started at D:\XAMPP\htdocs\oj\Examples\config.php:1) ~runtime.php 第 2 行.
[ 2011-10-26T08:45:08+08:00 ] NOTIC: [2] Cannot modify header information - headers already sent by (output started at D:\XAMPP\htdocs\oj\Examples\config.php:1) Image.class.php 第 527 行.
[ 2011-10-26T08:45:08+08:00 ] NOTIC: [2] session_start() [<a href='function.session-start'>function.session-start</a>]: Cannot send session cache limiter - headers already sent (output started at D:\XAMPP\htdocs\oj\Examples\config.php:1) ~runtime.php 第 2 行.
[ 2011-10-26T08:45:08+08:00 ] NOTIC: [2] Cannot modify header information - headers already sent by (output started at D:\XAMPP\htdocs\oj\Examples\config.php:1) ~runtime.php 第 2 行.
[ 2011-10-26T08:45:08+08:00 ] NOTIC: [2] Cannot modify header information - headers already sent by (output started at D:\XAMPP\htdocs\oj\Examples\config.php:1) ~runtime.php 第 2 行.
[ 2011-10-26T08:45:08+08:00 ] NOTIC: [2] Cannot modify header information - headers already sent by (output started at D:\XAMPP\htdocs\oj\Examples\config.php:1) ~runtime.php 第 2 行.
[ 2011-10-26T08:45:08+08:00 ] NOTIC: [2] session_start() [<a href='function.session-start'>function.session-start</a>]: Cannot send session cache limiter - headers already sent (output started at D:\XAMPP\htdocs\oj\Examples\config.php:1) ~runtime.php 第 2 行.
[ 2011-10-26T08:45:08+08:00 ] NOTIC: [2] Cannot modify header information - headers already sent by (output started at D:\XAMPP\htdocs\oj\Examples\config.php:1) Image.class.php 第 527 行.
[ 2011-10-26T08:45:09+08:00 ] NOTIC: [2] session_start() [<a href='function.session-start'>function.session-start</a>]: Cannot send session cache limiter - headers already sent (output started at D:\XAMPP\htdocs\oj\Examples\config.php:1) ~runtime.php 第 2 行.
[ 2011-10-26T08:45:09+08:00 ] NOTIC: [2] Cannot modify header information - headers already sent by (output started at D:\XAMPP\htdocs\oj\Examples\config.php:1) ~runtime.php 第 2 行.
[ 2011-10-26T08:45:09+08:00 ] NOTIC: [2] Cannot modify header information - headers already sent by (output started at D:\XAMPP\htdocs\oj\Examples\config.php:1) ~runtime.php 第 2 行.
[ 2011-10-26T08:45:09+08:00 ] NOTIC: [2] Cannot modify header information - headers already sent by (output started at D:\XAMPP\htdocs\oj\Examples\config.php:1) ~runtime.php 第 2 行.
[ 2011-10-26T08:45:09+08:00 ] NOTIC: [2] session_start() [<a href='function.session-start'>function.session-start</a>]: Cannot send session cache limiter - headers already sent (output started at D:\XAMPP\htdocs\oj\Examples\config.php:1) ~runtime.php 第 2 行.
[ 2011-10-26T08:45:09+08:00 ] NOTIC: [2] Cannot modify header information - headers already sent by (output started at D:\XAMPP\htdocs\oj\Examples\config.php:1) Image.class.php 第 527 行.
[ 2011-10-26T08:45:09+08:00 ] NOTIC: [2] session_start() [<a href='function.session-start'>function.session-start</a>]: Cannot send session cache limiter - headers already sent (output started at D:\XAMPP\htdocs\oj\Examples\config.php:1) ~runtime.php 第 2 行.
[ 2011-10-26T08:45:09+08:00 ] NOTIC: [2] Cannot modify header information - headers already sent by (output started at D:\XAMPP\htdocs\oj\Examples\config.php:1) ~runtime.php 第 2 行.
[ 2011-10-26T08:45:09+08:00 ] NOTIC: [2] Cannot modify header information - headers already sent by (output started at D:\XAMPP\htdocs\oj\Examples\config.php:1) ~runtime.php 第 2 行.
[ 2011-10-26T08:45:09+08:00 ] NOTIC: [2] Cannot modify header information - headers already sent by (output started at D:\XAMPP\htdocs\oj\Examples\config.php:1) ~runtime.php 第 2 行.
[ 2011-10-26T08:45:09+08:00 ] NOTIC: [2] session_start() [<a href='function.session-start'>function.session-start</a>]: Cannot send session cache limiter - headers already sent (output started at D:\XAMPP\htdocs\oj\Examples\config.php:1) ~runtime.php 第 2 行.
[ 2011-10-26T08:45:09+08:00 ] NOTIC: [2] Cannot modify header information - headers already sent by (output started at D:\XAMPP\htdocs\oj\Examples\config.php:1) Image.class.php 第 527 行.
[ 2011-10-26T08:45:15+08:00 ] NOTIC: [2] session_start() [<a href='function.session-start'>function.session-start</a>]: Cannot send session cache limiter - headers already sent (output started at D:\XAMPP\htdocs\oj\Examples\config.php:1) ~runtime.php 第 2 行.
[ 2011-10-26T08:45:15+08:00 ] NOTIC: [2] Cannot modify header information - headers already sent by (output started at D:\XAMPP\htdocs\oj\Examples\config.php:1) ~runtime.php 第 2 行.
[ 2011-10-26T08:45:15+08:00 ] NOTIC: [2] Cannot modify header information - headers already sent by (output started at D:\XAMPP\htdocs\oj\Examples\config.php:1) ~runtime.php 第 2 行.
[ 2011-10-26T08:45:15+08:00 ] NOTIC: [2] Cannot modify header information - headers already sent by (output started at D:\XAMPP\htdocs\oj\Examples\config.php:1) ~runtime.php 第 2 行.
[ 2011-10-26T08:45:15+08:00 ] NOTIC: [2] session_start() [<a href='function.session-start'>function.session-start</a>]: Cannot send session cache limiter - headers already sent (output started at D:\XAMPP\htdocs\oj\Examples\config.php:1) ~runtime.php 第 2 行.
[ 2011-10-26T08:45:15+08:00 ] NOTIC: [2] Cannot modify header information - headers already sent by (output started at D:\XAMPP\htdocs\oj\Examples\config.php:1) Image.class.php 第 527 行.
[ 2011-10-26T08:45:15+08:00 ] NOTIC: [2] session_start() [<a href='function.session-start'>function.session-start</a>]: Cannot send session cache limiter - headers already sent (output started at D:\XAMPP\htdocs\oj\Examples\config.php:1) ~runtime.php 第 2 行.
[ 2011-10-26T08:45:15+08:00 ] NOTIC: [2] Cannot modify header information - headers already sent by (output started at D:\XAMPP\htdocs\oj\Examples\config.php:1) ~runtime.php 第 2 行.
[ 2011-10-26T08:45:15+08:00 ] NOTIC: [2] Cannot modify header information - headers already sent by (output started at D:\XAMPP\htdocs\oj\Examples\config.php:1) ~runtime.php 第 2 行.
[ 2011-10-26T08:45:15+08:00 ] NOTIC: [2] Cannot modify header information - headers already sent by (output started at D:\XAMPP\htdocs\oj\Examples\config.php:1) ~runtime.php 第 2 行.
[ 2011-10-26T08:45:15+08:00 ] NOTIC: [2] session_start() [<a href='function.session-start'>function.session-start</a>]: Cannot send session cache limiter - headers already sent (output started at D:\XAMPP\htdocs\oj\Examples\config.php:1) ~runtime.php 第 2 行.
[ 2011-10-26T08:45:15+08:00 ] NOTIC: [2] Cannot modify header information - headers already sent by (output started at D:\XAMPP\htdocs\oj\Examples\config.php:1) Image.class.php 第 527 行.
[ 2011-10-26T08:45:15+08:00 ] NOTIC: [2] session_start() [<a href='function.session-start'>function.session-start</a>]: Cannot send session cache limiter - headers already sent (output started at D:\XAMPP\htdocs\oj\Examples\config.php:1) ~runtime.php 第 2 行.
[ 2011-10-26T08:45:15+08:00 ] NOTIC: [2] Cannot modify header information - headers already sent by (output started at D:\XAMPP\htdocs\oj\Examples\config.php:1) ~runtime.php 第 2 行.
[ 2011-10-26T08:45:15+08:00 ] NOTIC: [2] Cannot modify header information - headers already sent by (output started at D:\XAMPP\htdocs\oj\Examples\config.php:1) ~runtime.php 第 2 行.
[ 2011-10-26T08:45:15+08:00 ] NOTIC: [2] Cannot modify header information - headers already sent by (output started at D:\XAMPP\htdocs\oj\Examples\config.php:1) ~runtime.php 第 2 行.
[ 2011-10-26T08:45:16+08:00 ] NOTIC: [2] session_start() [<a href='function.session-start'>function.session-start</a>]: Cannot send session cache limiter - headers already sent (output started at D:\XAMPP\htdocs\oj\Examples\config.php:1) ~runtime.php 第 2 行.
[ 2011-10-26T08:45:16+08:00 ] NOTIC: [2] Cannot modify header information - headers already sent by (output started at D:\XAMPP\htdocs\oj\Examples\config.php:1) Image.class.php 第 527 行.
[ 2011-10-26T08:45:16+08:00 ] NOTIC: [2] session_start() [<a href='function.session-start'>function.session-start</a>]: Cannot send session cache limiter - headers already sent (output started at D:\XAMPP\htdocs\oj\Examples\config.php:1) ~runtime.php 第 2 行.
[ 2011-10-26T08:45:16+08:00 ] NOTIC: [2] Cannot modify header information - headers already sent by (output started at D:\XAMPP\htdocs\oj\Examples\config.php:1) ~runtime.php 第 2 行.
[ 2011-10-26T08:45:16+08:00 ] NOTIC: [2] Cannot modify header information - headers already sent by (output started at D:\XAMPP\htdocs\oj\Examples\config.php:1) ~runtime.php 第 2 行.
[ 2011-10-26T08:45:16+08:00 ] NOTIC: [2] Cannot modify header information - headers already sent by (output started at D:\XAMPP\htdocs\oj\Examples\config.php:1) ~runtime.php 第 2 行.
[ 2011-10-26T08:45:16+08:00 ] NOTIC: [2] session_start() [<a href='function.session-start'>function.session-start</a>]: Cannot send session cache limiter - headers already sent (output started at D:\XAMPP\htdocs\oj\Examples\config.php:1) ~runtime.php 第 2 行.
[ 2011-10-26T08:45:16+08:00 ] NOTIC: [2] Cannot modify header information - headers already sent by (output started at D:\XAMPP\htdocs\oj\Examples\config.php:1) Image.class.php 第 527 行.
[ 2011-10-26T08:45:16+08:00 ] NOTIC: [2] session_start() [<a href='function.session-start'>function.session-start</a>]: Cannot send session cache limiter - headers already sent (output started at D:\XAMPP\htdocs\oj\Examples\config.php:1) ~runtime.php 第 2 行.
[ 2011-10-26T08:45:16+08:00 ] NOTIC: [2] Cannot modify header information - headers already sent by (output started at D:\XAMPP\htdocs\oj\Examples\config.php:1) ~runtime.php 第 2 行.
[ 2011-10-26T08:45:16+08:00 ] NOTIC: [2] Cannot modify header information - headers already sent by (output started at D:\XAMPP\htdocs\oj\Examples\config.php:1) ~runtime.php 第 2 行.
[ 2011-10-26T08:45:16+08:00 ] NOTIC: [2] Cannot modify header information - headers already sent by (output started at D:\XAMPP\htdocs\oj\Examples\config.php:1) ~runtime.php 第 2 行.
[ 2011-10-26T08:45:16+08:00 ] NOTIC: [2] session_start() [<a href='function.session-start'>function.session-start</a>]: Cannot send session cache limiter - headers already sent (output started at D:\XAMPP\htdocs\oj\Examples\config.php:1) ~runtime.php 第 2 行.
[ 2011-10-26T08:45:16+08:00 ] NOTIC: [2] Cannot modify header information - headers already sent by (output started at D:\XAMPP\htdocs\oj\Examples\config.php:1) Image.class.php 第 527 行.
[ 2011-10-26T08:45:17+08:00 ] NOTIC: [2] session_start() [<a href='function.session-start'>function.session-start</a>]: Cannot send session cache limiter - headers already sent (output started at D:\XAMPP\htdocs\oj\Examples\config.php:1) ~runtime.php 第 2 行.
[ 2011-10-26T08:45:17+08:00 ] NOTIC: [2] Cannot modify header information - headers already sent by (output started at D:\XAMPP\htdocs\oj\Examples\config.php:1) ~runtime.php 第 2 行.
[ 2011-10-26T08:45:17+08:00 ] NOTIC: [2] Cannot modify header information - headers already sent by (output started at D:\XAMPP\htdocs\oj\Examples\config.php:1) ~runtime.php 第 2 行.
[ 2011-10-26T08:45:17+08:00 ] NOTIC: [2] Cannot modify header information - headers already sent by (output started at D:\XAMPP\htdocs\oj\Examples\config.php:1) ~runtime.php 第 2 行.
[ 2011-10-26T08:45:17+08:00 ] NOTIC: [2] session_start() [<a href='function.session-start'>function.session-start</a>]: Cannot send session cache limiter - headers already sent (output started at D:\XAMPP\htdocs\oj\Examples\config.php:1) ~runtime.php 第 2 行.
[ 2011-10-26T08:45:17+08:00 ] NOTIC: [2] Cannot modify header information - headers already sent by (output started at D:\XAMPP\htdocs\oj\Examples\config.php:1) Image.class.php 第 527 行.
[ 2011-10-26T08:45:21+08:00 ] NOTIC: [2] session_start() [<a href='function.session-start'>function.session-start</a>]: Cannot send session cache limiter - headers already sent (output started at D:\XAMPP\htdocs\oj\Examples\config.php:1) ~runtime.php 第 2 行.
[ 2011-10-26T08:45:21+08:00 ] NOTIC: [2] session_start() [<a href='function.session-start'>function.session-start</a>]: Cannot send session cache limiter - headers already sent (output started at D:\XAMPP\htdocs\oj\Examples\config.php:1) ~runtime.php 第 2 行.
[ 2011-10-26T08:45:22+08:00 ] NOTIC: [2] session_start() [<a href='function.session-start'>function.session-start</a>]: Cannot send session cache limiter - headers already sent (output started at D:\XAMPP\htdocs\oj\Examples\config.php:1) ~runtime.php 第 2 行.
[ 2011-10-26T08:45:22+08:00 ] NOTIC: [2] session_start() [<a href='function.session-start'>function.session-start</a>]: Cannot send session cache limiter - headers already sent (output started at D:\XAMPP\htdocs\oj\Examples\config.php:1) ~runtime.php 第 2 行.
[ 2011-10-26T08:45:23+08:00 ] NOTIC: [2] session_start() [<a href='function.session-start'>function.session-start</a>]: Cannot send session cache limiter - headers already sent (output started at D:\XAMPP\htdocs\oj\Examples\config.php:1) ~runtime.php 第 2 行.
[ 2011-10-26T08:45:23+08:00 ] NOTIC: [2] Cannot modify header information - headers already sent by (output started at D:\XAMPP\htdocs\oj\Examples\config.php:1) Image.class.php 第 527 行.
[ 2011-10-26T08:45:24+08:00 ] NOTIC: [2] session_start() [<a href='function.session-start'>function.session-start</a>]: Cannot send session cache limiter - headers already sent (output started at D:\XAMPP\htdocs\oj\Examples\config.php:1) ~runtime.php 第 2 行.
[ 2011-10-26T08:45:24+08:00 ] NOTIC: [2] Cannot modify header information - headers already sent by (output started at D:\XAMPP\htdocs\oj\Examples\config.php:1) ~runtime.php 第 2 行.
[ 2011-10-26T08:45:24+08:00 ] NOTIC: [2] Cannot modify header information - headers already sent by (output started at D:\XAMPP\htdocs\oj\Examples\config.php:1) ~runtime.php 第 2 行.
[ 2011-10-26T08:45:24+08:00 ] NOTIC: [2] Cannot modify header information - headers already sent by (output started at D:\XAMPP\htdocs\oj\Examples\config.php:1) ~runtime.php 第 2 行.
[ 2011-10-26T08:45:24+08:00 ] NOTIC: [2] session_start() [<a href='function.session-start'>function.session-start</a>]: Cannot send session cache limiter - headers already sent (output started at D:\XAMPP\htdocs\oj\Examples\config.php:1) ~runtime.php 第 2 行.
[ 2011-10-26T08:45:24+08:00 ] NOTIC: [2] Cannot modify header information - headers already sent by (output started at D:\XAMPP\htdocs\oj\Examples\config.php:1) Image.class.php 第 527 行.
[ 2011-10-26T08:45:24+08:00 ] NOTIC: [2] session_start() [<a href='function.session-start'>function.session-start</a>]: Cannot send session cache limiter - headers already sent (output started at D:\XAMPP\htdocs\oj\Examples\config.php:1) ~runtime.php 第 2 行.
[ 2011-10-26T08:45:24+08:00 ] NOTIC: [2] Cannot modify header information - headers already sent by (output started at D:\XAMPP\htdocs\oj\Examples\config.php:1) ~runtime.php 第 2 行.
[ 2011-10-26T08:45:24+08:00 ] NOTIC: [2] Cannot modify header information - headers already sent by (output started at D:\XAMPP\htdocs\oj\Examples\config.php:1) ~runtime.php 第 2 行.
[ 2011-10-26T08:45:24+08:00 ] NOTIC: [2] Cannot modify header information - headers already sent by (output started at D:\XAMPP\htdocs\oj\Examples\config.php:1) ~runtime.php 第 2 行.
[ 2011-10-26T08:45:24+08:00 ] NOTIC: [2] session_start() [<a href='function.session-start'>function.session-start</a>]: Cannot send session cache limiter - headers already sent (output started at D:\XAMPP\htdocs\oj\Examples\config.php:1) ~runtime.php 第 2 行.
[ 2011-10-26T08:45:24+08:00 ] NOTIC: [2] Cannot modify header information - headers already sent by (output started at D:\XAMPP\htdocs\oj\Examples\config.php:1) Image.class.php 第 527 行.
[ 2011-10-26T08:45:25+08:00 ] NOTIC: [2] session_start() [<a href='function.session-start'>function.session-start</a>]: Cannot send session cache limiter - headers already sent (output started at D:\XAMPP\htdocs\oj\Examples\config.php:1) ~runtime.php 第 2 行.
[ 2011-10-26T08:45:25+08:00 ] NOTIC: [2] Cannot modify header information - headers already sent by (output started at D:\XAMPP\htdocs\oj\Examples\config.php:1) ~runtime.php 第 2 行.
[ 2011-10-26T08:45:25+08:00 ] NOTIC: [2] Cannot modify header information - headers already sent by (output started at D:\XAMPP\htdocs\oj\Examples\config.php:1) ~runtime.php 第 2 行.
[ 2011-10-26T08:45:25+08:00 ] NOTIC: [2] Cannot modify header information - headers already sent by (output started at D:\XAMPP\htdocs\oj\Examples\config.php:1) ~runtime.php 第 2 行.
[ 2011-10-26T08:45:25+08:00 ] NOTIC: [2] session_start() [<a href='function.session-start'>function.session-start</a>]: Cannot send session cache limiter - headers already sent (output started at D:\XAMPP\htdocs\oj\Examples\config.php:1) ~runtime.php 第 2 行.
[ 2011-10-26T08:45:25+08:00 ] NOTIC: [2] Cannot modify header information - headers already sent by (output started at D:\XAMPP\htdocs\oj\Examples\config.php:1) Image.class.php 第 527 行.
[ 2011-10-26T08:45:25+08:00 ] NOTIC: [2] session_start() [<a href='function.session-start'>function.session-start</a>]: Cannot send session cache limiter - headers already sent (output started at D:\XAMPP\htdocs\oj\Examples\config.php:1) ~runtime.php 第 2 行.
[ 2011-10-26T08:45:25+08:00 ] NOTIC: [2] Cannot modify header information - headers already sent by (output started at D:\XAMPP\htdocs\oj\Examples\config.php:1) ~runtime.php 第 2 行.
[ 2011-10-26T08:45:25+08:00 ] NOTIC: [2] Cannot modify header information - headers already sent by (output started at D:\XAMPP\htdocs\oj\Examples\config.php:1) ~runtime.php 第 2 行.
[ 2011-10-26T08:45:25+08:00 ] NOTIC: [2] Cannot modify header information - headers already sent by (output started at D:\XAMPP\htdocs\oj\Examples\config.php:1) ~runtime.php 第 2 行.
[ 2011-10-26T08:45:25+08:00 ] NOTIC: [2] session_start() [<a href='function.session-start'>function.session-start</a>]: Cannot send session cache limiter - headers already sent (output started at D:\XAMPP\htdocs\oj\Examples\config.php:1) ~runtime.php 第 2 行.
[ 2011-10-26T08:45:25+08:00 ] NOTIC: [2] Cannot modify header information - headers already sent by (output started at D:\XAMPP\htdocs\oj\Examples\config.php:1) Image.class.php 第 527 行.
[ 2011-10-26T08:45:25+08:00 ] NOTIC: [2] session_start() [<a href='function.session-start'>function.session-start</a>]: Cannot send session cache limiter - headers already sent (output started at D:\XAMPP\htdocs\oj\Examples\config.php:1) ~runtime.php 第 2 行.
[ 2011-10-26T08:45:25+08:00 ] NOTIC: [2] Cannot modify header information - headers already sent by (output started at D:\XAMPP\htdocs\oj\Examples\config.php:1) ~runtime.php 第 2 行.
[ 2011-10-26T08:45:25+08:00 ] NOTIC: [2] Cannot modify header information - headers already sent by (output started at D:\XAMPP\htdocs\oj\Examples\config.php:1) ~runtime.php 第 2 行.
[ 2011-10-26T08:45:25+08:00 ] NOTIC: [2] Cannot modify header information - headers already sent by (output started at D:\XAMPP\htdocs\oj\Examples\config.php:1) ~runtime.php 第 2 行.
[ 2011-10-26T08:45:25+08:00 ] NOTIC: [2] session_start() [<a href='function.session-start'>function.session-start</a>]: Cannot send session cache limiter - headers already sent (output started at D:\XAMPP\htdocs\oj\Examples\config.php:1) ~runtime.php 第 2 行.
[ 2011-10-26T08:45:25+08:00 ] NOTIC: [2] Cannot modify header information - headers already sent by (output started at D:\XAMPP\htdocs\oj\Examples\config.php:1) Image.class.php 第 527 行.
[ 2011-10-26T08:45:25+08:00 ] NOTIC: [2] session_start() [<a href='function.session-start'>function.session-start</a>]: Cannot send session cache limiter - headers already sent (output started at D:\XAMPP\htdocs\oj\Examples\config.php:1) ~runtime.php 第 2 行.
[ 2011-10-26T08:45:25+08:00 ] NOTIC: [2] Cannot modify header information - headers already sent by (output started at D:\XAMPP\htdocs\oj\Examples\config.php:1) ~runtime.php 第 2 行.
[ 2011-10-26T08:45:25+08:00 ] NOTIC: [2] Cannot modify header information - headers already sent by (output started at D:\XAMPP\htdocs\oj\Examples\config.php:1) ~runtime.php 第 2 行.
[ 2011-10-26T08:45:25+08:00 ] NOTIC: [2] Cannot modify header information - headers already sent by (output started at D:\XAMPP\htdocs\oj\Examples\config.php:1) ~runtime.php 第 2 行.
[ 2011-10-26T08:45:26+08:00 ] NOTIC: [2] session_start() [<a href='function.session-start'>function.session-start</a>]: Cannot send session cache limiter - headers already sent (output started at D:\XAMPP\htdocs\oj\Examples\config.php:1) ~runtime.php 第 2 行.
[ 2011-10-26T08:45:26+08:00 ] NOTIC: [2] Cannot modify header information - headers already sent by (output started at D:\XAMPP\htdocs\oj\Examples\config.php:1) Image.class.php 第 527 行.
[ 2011-10-26T08:45:26+08:00 ] NOTIC: [2] session_start() [<a href='function.session-start'>function.session-start</a>]: Cannot send session cache limiter - headers already sent (output started at D:\XAMPP\htdocs\oj\Examples\config.php:1) ~runtime.php 第 2 行.
[ 2011-10-26T08:45:26+08:00 ] NOTIC: [2] Cannot modify header information - headers already sent by (output started at D:\XAMPP\htdocs\oj\Examples\config.php:1) ~runtime.php 第 2 行.
[ 2011-10-26T08:45:26+08:00 ] NOTIC: [2] Cannot modify header information - headers already sent by (output started at D:\XAMPP\htdocs\oj\Examples\config.php:1) ~runtime.php 第 2 行.
[ 2011-10-26T08:45:26+08:00 ] NOTIC: [2] Cannot modify header information - headers already sent by (output started at D:\XAMPP\htdocs\oj\Examples\config.php:1) ~runtime.php 第 2 行.
[ 2011-10-26T08:45:26+08:00 ] NOTIC: [2] session_start() [<a href='function.session-start'>function.session-start</a>]: Cannot send session cache limiter - headers already sent (output started at D:\XAMPP\htdocs\oj\Examples\config.php:1) ~runtime.php 第 2 行.
[ 2011-10-26T08:45:26+08:00 ] NOTIC: [2] Cannot modify header information - headers already sent by (output started at D:\XAMPP\htdocs\oj\Examples\config.php:1) Image.class.php 第 527 行.
[ 2011-10-26T08:45:26+08:00 ] NOTIC: [2] session_start() [<a href='function.session-start'>function.session-start</a>]: Cannot send session cache limiter - headers already sent (output started at D:\XAMPP\htdocs\oj\Examples\config.php:1) ~runtime.php 第 2 行.
[ 2011-10-26T08:45:26+08:00 ] NOTIC: [2] Cannot modify header information - headers already sent by (output started at D:\XAMPP\htdocs\oj\Examples\config.php:1) ~runtime.php 第 2 行.
[ 2011-10-26T08:45:26+08:00 ] NOTIC: [2] Cannot modify header information - headers already sent by (output started at D:\XAMPP\htdocs\oj\Examples\config.php:1) ~runtime.php 第 2 行.
[ 2011-10-26T08:45:26+08:00 ] NOTIC: [2] Cannot modify header information - headers already sent by (output started at D:\XAMPP\htdocs\oj\Examples\config.php:1) ~runtime.php 第 2 行.
[ 2011-10-26T08:45:26+08:00 ] NOTIC: [2] session_start() [<a href='function.session-start'>function.session-start</a>]: Cannot send session cache limiter - headers already sent (output started at D:\XAMPP\htdocs\oj\Examples\config.php:1) ~runtime.php 第 2 行.
[ 2011-10-26T08:45:26+08:00 ] NOTIC: [2] Cannot modify header information - headers already sent by (output started at D:\XAMPP\htdocs\oj\Examples\config.php:1) Image.class.php 第 527 行.
