[ 2011-10-26T17:11:42+08:00 ] ERR: (ThinkException) 非法操作IndexAction
[ 2011-10-26T17:11:43+08:00 ] ERR: (ThinkException) 非法操作IndexAction
[ 2011-10-26T17:11:43+08:00 ] ERR: (ThinkException) 非法操作IndexAction
[ 2011-10-26T17:11:44+08:00 ] ERR: (ThinkException) 非法操作IndexAction
[ 2011-10-26T17:20:46+08:00 ] ERR: (ThinkException) 无法加载模块checkEnv
[ 2011-10-26T17:20:58+08:00 ] ERR: (ThinkException) 无法加载模块checkEnv
[ 2011-10-26T17:20:59+08:00 ] ERR: (ThinkException) 无法加载模块checkEnv
[ 2011-10-26T17:20:59+08:00 ] ERR: (ThinkException) 无法加载模块checkEnv
[ 2011-10-26T17:20:59+08:00 ] ERR: (ThinkException) 无法加载模块checkEnv
[ 2011-10-26T17:56:40+08:00 ] ERR: (ThinkException) 无法加载模块Admin
[ 2011-10-26T17:56:48+08:00 ] ERR: (ThinkException) 无法加载模块Login
[ 2011-10-26T17:56:51+08:00 ] ERR: (ThinkException) 无法加载模块Admin
[ 2011-10-26T17:57:05+08:00 ] ERR: (ThinkException) 无法加载模块Admin
[ 2011-10-26T17:57:07+08:00 ] ERR: (ThinkException) 无法加载模块Admin
[ 2011-10-26T17:57:08+08:00 ] ERR: (ThinkException) 无法加载模块Admin
[ 2011-10-26T17:57:08+08:00 ] ERR: (ThinkException) 无法加载模块Admin
[ 2011-10-26T18:01:18+08:00 ] ERR: (ThinkException) 无法加载模块Admin
[ 2011-10-26T18:04:16+08:00 ] ERR: (ThinkException) 无法加载模块security
[ 2011-10-26T18:05:23+08:00 ] ERR: (ThinkException) 无法加载模块security
[ 2011-10-26T18:05:25+08:00 ] ERR: (ThinkException) 无法加载模块security
[ 2011-10-26T18:06:17+08:00 ] ERR: (ThinkException) 无法加载模块security
[ 2011-10-26T18:09:10+08:00 ] ERR: (ThinkException) 无法加载模块security
[ 2011-10-26T18:09:15+08:00 ] ERR: (ThinkException) 无法加载模块security
[ 2011-10-26T18:19:14+08:00 ] ERR: (ThinkException) 模板不存在[./Tpl/default/Admin/security/login.html]
[ 2011-10-26T18:19:14+08:00 ] ERR: (ThinkException) 模板不存在[./Tpl/default/Admin/security/login.html]
[ 2011-10-26T18:19:15+08:00 ] ERR: (ThinkException) 模板不存在[./Tpl/default/Admin/security/login.html]
[ 2011-10-26T18:19:15+08:00 ] ERR: (ThinkException) 模板不存在[./Tpl/default/Admin/security/login.html]
[ 2011-10-26T18:22:33+08:00 ] SQL: SHOW COLUMNS FROM `oj_config` [ RunTime:0.003194s ]
[ 2011-10-26T18:22:33+08:00 ] SQL: SELECT * FROM `oj_config` WHERE ( `key` = 'webname' ) [ RunTime:0.001376s ]
[ 2011-10-26T18:22:34+08:00 ] SQL: SHOW COLUMNS FROM `oj_config` [ RunTime:0.004183s ]
[ 2011-10-26T18:22:34+08:00 ] SQL: SELECT * FROM `oj_config` WHERE ( `key` = 'webname' ) [ RunTime:0.001679s ]
[ 2011-10-26T18:22:34+08:00 ] SQL: SHOW COLUMNS FROM `oj_config` [ RunTime:0.004374s ]
[ 2011-10-26T18:22:34+08:00 ] SQL: SELECT * FROM `oj_config` WHERE ( `key` = 'webname' ) [ RunTime:0.001918s ]
[ 2011-10-26T18:22:34+08:00 ] SQL: SHOW COLUMNS FROM `oj_config` [ RunTime:0.003210s ]
[ 2011-10-26T18:22:34+08:00 ] SQL: SELECT * FROM `oj_config` WHERE ( `key` = 'webname' ) [ RunTime:0.001423s ]
[ 2011-10-26T18:22:35+08:00 ] SQL: SHOW COLUMNS FROM `oj_config` [ RunTime:0.006303s ]
[ 2011-10-26T18:22:35+08:00 ] SQL: SELECT * FROM `oj_config` WHERE ( `key` = 'webname' ) [ RunTime:0.002985s ]
[ 2011-10-26T18:22:35+08:00 ] SQL: SHOW COLUMNS FROM `oj_config` [ RunTime:0.004068s ]
[ 2011-10-26T18:22:35+08:00 ] SQL: SELECT * FROM `oj_config` WHERE ( `key` = 'webname' ) [ RunTime:0.001767s ]
[ 2011-10-26T18:22:52+08:00 ] SQL: SHOW COLUMNS FROM `oj_config` [ RunTime:0.003897s ]
[ 2011-10-26T18:22:52+08:00 ] SQL: SELECT * FROM `oj_config` WHERE ( `key` = 'webname' ) [ RunTime:0.001760s ]
[ 2011-10-26T18:22:52+08:00 ] SQL: SHOW COLUMNS FROM `oj_config` [ RunTime:0.003880s ]
[ 2011-10-26T18:22:52+08:00 ] SQL: SELECT * FROM `oj_config` WHERE ( `key` = 'webname' ) [ RunTime:0.001386s ]
[ 2011-10-26T18:22:52+08:00 ] SQL: SHOW COLUMNS FROM `oj_config` [ RunTime:0.004152s ]
[ 2011-10-26T18:22:52+08:00 ] SQL: SELECT * FROM `oj_config` WHERE ( `key` = 'webname' ) [ RunTime:0.001646s ]
[ 2011-10-26T18:22:53+08:00 ] SQL: SHOW COLUMNS FROM `oj_config` [ RunTime:0.006668s ]
[ 2011-10-26T18:22:53+08:00 ] SQL: SELECT * FROM `oj_config` WHERE ( `key` = 'webname' ) [ RunTime:0.000733s ]
[ 2011-10-26T18:22:53+08:00 ] SQL: SHOW COLUMNS FROM `oj_config` [ RunTime:0.003199s ]
[ 2011-10-26T18:22:53+08:00 ] SQL: SELECT * FROM `oj_config` WHERE ( `key` = 'webname' ) [ RunTime:0.001633s ]
[ 2011-10-26T18:22:53+08:00 ] SQL: SHOW COLUMNS FROM `oj_config` [ RunTime:0.007170s ]
[ 2011-10-26T18:22:53+08:00 ] SQL: SELECT * FROM `oj_config` WHERE ( `key` = 'webname' ) [ RunTime:0.000496s ]
[ 2011-10-26T18:22:53+08:00 ] SQL: SHOW COLUMNS FROM `oj_config` [ RunTime:0.003990s ]
[ 2011-10-26T18:22:53+08:00 ] SQL: SELECT * FROM `oj_config` WHERE ( `key` = 'webname' ) [ RunTime:0.001398s ]
[ 2011-10-26T18:27:59+08:00 ] SQL: SHOW COLUMNS FROM `oj_config` [ RunTime:0.005707s ]
[ 2011-10-26T18:27:59+08:00 ] SQL: SELECT * FROM `oj_config` WHERE ( `key` = 'webname' ) [ RunTime:0.000363s ]
[ 2011-10-26T18:27:59+08:00 ] ERR: (ThinkException) 非法操作{
[ 2011-10-26T18:27:59+08:00 ] SQL: SHOW COLUMNS FROM `oj_config` [ RunTime:0.004236s ]
[ 2011-10-26T18:27:59+08:00 ] SQL: SELECT * FROM `oj_config` WHERE ( `key` = 'webname' ) [ RunTime:0.001849s ]
[ 2011-10-26T18:27:59+08:00 ] ERR: (ThinkException) 非法操作{
[ 2011-10-26T18:28:12+08:00 ] SQL: SHOW COLUMNS FROM `oj_config` [ RunTime:0.004003s ]
[ 2011-10-26T18:28:12+08:00 ] SQL: SELECT * FROM `oj_config` WHERE ( `key` = 'webname' ) [ RunTime:0.001624s ]
[ 2011-10-26T18:32:47+08:00 ] SQL: SHOW COLUMNS FROM `oj_config` [ RunTime:0.004296s ]
[ 2011-10-26T18:32:47+08:00 ] SQL: SELECT * FROM `oj_config` WHERE ( `key` = 'webname' ) [ RunTime:0.001939s ]
[ 2011-10-26T18:32:53+08:00 ] SQL: SHOW COLUMNS FROM `oj_config` [ RunTime:0.003411s ]
[ 2011-10-26T18:32:53+08:00 ] SQL: SELECT * FROM `oj_config` WHERE ( `key` = 'webname' ) [ RunTime:0.001700s ]
[ 2011-10-26T18:32:53+08:00 ] SQL: SHOW COLUMNS FROM `oj_config` [ RunTime:0.003194s ]
[ 2011-10-26T18:32:53+08:00 ] SQL: SELECT * FROM `oj_config` WHERE ( `key` = 'webname' ) [ RunTime:0.002211s ]
[ 2011-10-26T18:32:54+08:00 ] SQL: SHOW COLUMNS FROM `oj_config` [ RunTime:0.004266s ]
[ 2011-10-26T18:32:54+08:00 ] SQL: SELECT * FROM `oj_config` WHERE ( `key` = 'webname' ) [ RunTime:0.001870s ]
[ 2011-10-26T18:33:37+08:00 ] SQL: SHOW COLUMNS FROM `oj_config` [ RunTime:0.006118s ]
[ 2011-10-26T18:33:37+08:00 ] SQL: SELECT * FROM `oj_config` WHERE ( `key` = 'webname' ) [ RunTime:0.001223s ]
[ 2011-10-26T18:35:19+08:00 ] SQL: SHOW COLUMNS FROM `oj_config` [ RunTime:0.006938s ]
[ 2011-10-26T18:35:19+08:00 ] SQL: SELECT * FROM `oj_config` WHERE ( `key` = 'webname' ) [ RunTime:0.000581s ]
[ 2011-10-26T18:39:23+08:00 ] SQL: SHOW COLUMNS FROM `oj_config` [ RunTime:0.005625s ]
[ 2011-10-26T18:39:23+08:00 ] SQL: SELECT * FROM `oj_config` WHERE ( `key` = 'webname' ) [ RunTime:0.001147s ]
[ 2011-10-26T18:39:24+08:00 ] SQL: SHOW COLUMNS FROM `oj_config` [ RunTime:0.005647s ]
[ 2011-10-26T18:39:24+08:00 ] SQL: SELECT * FROM `oj_config` WHERE ( `key` = 'webname' ) [ RunTime:0.002863s ]
[ 2011-10-26T18:39:36+08:00 ] SQL: SHOW COLUMNS FROM `oj_config` [ RunTime:0.004733s ]
[ 2011-10-26T18:39:36+08:00 ] SQL: SELECT * FROM `oj_config` WHERE ( `key` = 'webname' ) [ RunTime:0.001951s ]
[ 2011-10-26T18:39:47+08:00 ] SQL: SHOW COLUMNS FROM `oj_config` [ RunTime:0.004290s ]
[ 2011-10-26T18:39:47+08:00 ] SQL: SELECT * FROM `oj_config` WHERE ( `key` = 'webname' ) [ RunTime:0.000781s ]
[ 2011-10-26T18:39:48+08:00 ] SQL: SHOW COLUMNS FROM `oj_config` [ RunTime:0.006084s ]
[ 2011-10-26T18:39:48+08:00 ] SQL: SELECT * FROM `oj_config` WHERE ( `key` = 'webname' ) [ RunTime:0.001485s ]
[ 2011-10-26T18:39:54+08:00 ] SQL: SHOW COLUMNS FROM `oj_config` [ RunTime:0.004094s ]
[ 2011-10-26T18:39:54+08:00 ] SQL: SELECT * FROM `oj_config` WHERE ( `key` = 'webname' ) [ RunTime:0.001716s ]
[ 2011-10-26T18:39:54+08:00 ] SQL: SHOW COLUMNS FROM `oj_config` [ RunTime:0.004865s ]
[ 2011-10-26T18:39:54+08:00 ] SQL: SELECT * FROM `oj_config` WHERE ( `key` = 'webname' ) [ RunTime:0.002033s ]
[ 2011-10-26T18:39:55+08:00 ] SQL: SHOW COLUMNS FROM `oj_config` [ RunTime:0.004138s ]
[ 2011-10-26T18:39:55+08:00 ] SQL: SELECT * FROM `oj_config` WHERE ( `key` = 'webname' ) [ RunTime:0.001942s ]
[ 2011-10-26T18:39:55+08:00 ] SQL: SHOW COLUMNS FROM `oj_config` [ RunTime:0.003792s ]
[ 2011-10-26T18:39:55+08:00 ] SQL: SELECT * FROM `oj_config` WHERE ( `key` = 'webname' ) [ RunTime:0.002059s ]
[ 2011-10-26T18:39:56+08:00 ] SQL: SHOW COLUMNS FROM `oj_config` [ RunTime:0.004074s ]
[ 2011-10-26T18:39:56+08:00 ] SQL: SELECT * FROM `oj_config` WHERE ( `key` = 'webname' ) [ RunTime:0.000553s ]
[ 2011-10-26T18:42:40+08:00 ] SQL: SHOW COLUMNS FROM `oj_config` [ RunTime:0.005421s ]
[ 2011-10-26T18:42:40+08:00 ] SQL: SELECT * FROM `oj_config` WHERE ( `key` = 'webname' ) [ RunTime:0.000788s ]
[ 2011-10-26T18:43:51+08:00 ] SQL: SHOW COLUMNS FROM `oj_config` [ RunTime:0.005996s ]
[ 2011-10-26T18:43:51+08:00 ] SQL: SELECT * FROM `oj_config` WHERE ( `key` = 'webname' ) [ RunTime:0.001885s ]
[ 2011-10-26T18:46:00+08:00 ] SQL: SHOW COLUMNS FROM `oj_config` [ RunTime:0.004722s ]
[ 2011-10-26T18:46:00+08:00 ] SQL: SELECT * FROM `oj_config` WHERE ( `key` = 'webname' ) [ RunTime:0.002796s ]
[ 2011-10-26T18:46:14+08:00 ] SQL: SHOW COLUMNS FROM `oj_config` [ RunTime:0.003397s ]
[ 2011-10-26T18:46:14+08:00 ] SQL: SELECT * FROM `oj_config` WHERE ( `key` = 'webname' ) [ RunTime:0.001628s ]
[ 2011-10-26T18:46:15+08:00 ] SQL: SHOW COLUMNS FROM `oj_config` [ RunTime:0.005443s ]
[ 2011-10-26T18:46:15+08:00 ] SQL: SELECT * FROM `oj_config` WHERE ( `key` = 'webname' ) [ RunTime:0.000468s ]
[ 2011-10-26T18:46:15+08:00 ] SQL: SHOW COLUMNS FROM `oj_config` [ RunTime:0.004519s ]
[ 2011-10-26T18:46:15+08:00 ] SQL: SELECT * FROM `oj_config` WHERE ( `key` = 'webname' ) [ RunTime:0.002594s ]
[ 2011-10-26T18:46:26+08:00 ] SQL: SHOW COLUMNS FROM `oj_config` [ RunTime:0.004351s ]
[ 2011-10-26T18:46:26+08:00 ] SQL: SELECT * FROM `oj_config` WHERE ( `key` = 'webname' ) [ RunTime:0.002301s ]
[ 2011-10-26T18:46:36+08:00 ] SQL: SHOW COLUMNS FROM `oj_config` [ RunTime:0.003365s ]
[ 2011-10-26T18:46:36+08:00 ] SQL: SELECT * FROM `oj_config` WHERE ( `key` = 'webname' ) [ RunTime:0.003076s ]
[ 2011-10-26T18:47:41+08:00 ] SQL: SHOW COLUMNS FROM `oj_config` [ RunTime:0.005348s ]
[ 2011-10-26T18:47:41+08:00 ] SQL: SELECT * FROM `oj_config` WHERE ( `key` = 'webname' ) [ RunTime:0.002076s ]
[ 2011-10-26T18:47:55+08:00 ] SQL: SHOW COLUMNS FROM `oj_config` [ RunTime:0.005498s ]
[ 2011-10-26T18:47:55+08:00 ] SQL: SELECT * FROM `oj_config` WHERE ( `key` = 'webname' ) [ RunTime:0.000355s ]
[ 2011-10-26T18:48:21+08:00 ] SQL: SHOW COLUMNS FROM `oj_config` [ RunTime:0.006438s ]
[ 2011-10-26T18:48:21+08:00 ] SQL: SELECT * FROM `oj_config` WHERE ( `key` = 'webname' ) [ RunTime:0.001975s ]
[ 2011-10-26T18:48:53+08:00 ] SQL: SHOW COLUMNS FROM `oj_config` [ RunTime:0.006400s ]
[ 2011-10-26T18:48:53+08:00 ] SQL: SELECT * FROM `oj_config` WHERE ( `key` = 'webname' ) [ RunTime:0.000622s ]
[ 2011-10-26T18:48:54+08:00 ] SQL: SHOW COLUMNS FROM `oj_config` [ RunTime:0.003112s ]
[ 2011-10-26T18:48:54+08:00 ] SQL: SELECT * FROM `oj_config` WHERE ( `key` = 'webname' ) [ RunTime:0.001345s ]
[ 2011-10-26T18:48:57+08:00 ] SQL: SHOW COLUMNS FROM `oj_config` [ RunTime:0.003329s ]
[ 2011-10-26T18:48:57+08:00 ] SQL: SELECT * FROM `oj_config` WHERE ( `key` = 'webname' ) [ RunTime:0.001486s ]
[ 2011-10-26T18:49:00+08:00 ] SQL: SHOW COLUMNS FROM `oj_config` [ RunTime:0.009283s ]
[ 2011-10-26T18:49:00+08:00 ] SQL: SELECT * FROM `oj_config` WHERE ( `key` = 'webname' ) [ RunTime:0.001485s ]
[ 2011-10-26T18:49:34+08:00 ] SQL: SHOW COLUMNS FROM `oj_config` [ RunTime:0.006027s ]
[ 2011-10-26T18:49:34+08:00 ] SQL: SELECT * FROM `oj_config` WHERE ( `key` = 'webname' ) [ RunTime:0.001066s ]
[ 2011-10-26T18:49:55+08:00 ] SQL: SHOW COLUMNS FROM `oj_config` [ RunTime:0.004340s ]
[ 2011-10-26T18:49:55+08:00 ] SQL: SELECT * FROM `oj_config` WHERE ( `key` = 'webname' ) [ RunTime:0.002233s ]
[ 2011-10-26T18:49:57+08:00 ] SQL: SHOW COLUMNS FROM `oj_config` [ RunTime:0.005121s ]
[ 2011-10-26T18:49:57+08:00 ] SQL: SELECT * FROM `oj_config` WHERE ( `key` = 'webname' ) [ RunTime:0.001567s ]
[ 2011-10-26T18:49:59+08:00 ] SQL: SHOW COLUMNS FROM `oj_config` [ RunTime:0.006110s ]
[ 2011-10-26T18:49:59+08:00 ] SQL: SELECT * FROM `oj_config` WHERE ( `key` = 'webname' ) [ RunTime:0.000824s ]
[ 2011-10-26T18:51:59+08:00 ] SQL: SHOW COLUMNS FROM `oj_config` [ RunTime:0.016210s ]
[ 2011-10-26T18:51:59+08:00 ] SQL: SELECT * FROM `oj_config` WHERE ( `key` = 'webname' ) [ RunTime:0.002078s ]
[ 2011-10-26T18:52:35+08:00 ] SQL: SHOW COLUMNS FROM `oj_config` [ RunTime:0.005702s ]
[ 2011-10-26T18:52:35+08:00 ] SQL: SELECT * FROM `oj_config` WHERE ( `key` = 'webname' ) [ RunTime:0.001831s ]
[ 2011-10-26T18:52:53+08:00 ] SQL: SHOW COLUMNS FROM `oj_config` [ RunTime:0.004299s ]
[ 2011-10-26T18:52:53+08:00 ] SQL: SELECT * FROM `oj_config` WHERE ( `key` = 'webname' ) [ RunTime:0.014857s ]
[ 2011-10-26T18:58:23+08:00 ] SQL: SHOW COLUMNS FROM `oj_config` [ RunTime:0.004248s ]
[ 2011-10-26T18:58:23+08:00 ] SQL: SELECT * FROM `oj_config` WHERE ( `key` = 'webname' ) [ RunTime:0.001774s ]
[ 2011-10-26T19:01:33+08:00 ] SQL: SHOW COLUMNS FROM `oj_config` [ RunTime:0.003555s ]
[ 2011-10-26T19:01:33+08:00 ] SQL: SELECT * FROM `oj_config` WHERE ( `key` = 'webname' ) [ RunTime:0.001191s ]
[ 2011-10-26T19:01:39+08:00 ] SQL: SHOW COLUMNS FROM `oj_config` [ RunTime:0.004337s ]
[ 2011-10-26T19:01:39+08:00 ] SQL: SELECT * FROM `oj_config` WHERE ( `key` = 'webname' ) [ RunTime:0.002058s ]
[ 2011-10-26T19:01:49+08:00 ] SQL: SHOW COLUMNS FROM `oj_config` [ RunTime:0.005348s ]
[ 2011-10-26T19:01:49+08:00 ] SQL: SELECT * FROM `oj_config` WHERE ( `key` = 'webname' ) [ RunTime:0.000488s ]
[ 2011-10-26T19:02:25+08:00 ] SQL: SHOW COLUMNS FROM `oj_config` [ RunTime:0.004145s ]
[ 2011-10-26T19:02:25+08:00 ] SQL: SELECT * FROM `oj_config` WHERE ( `key` = 'webname' ) [ RunTime:0.002332s ]
[ 2011-10-26T19:02:35+08:00 ] SQL: SHOW COLUMNS FROM `oj_config` [ RunTime:0.006623s ]
[ 2011-10-26T19:02:35+08:00 ] SQL: SELECT * FROM `oj_config` WHERE ( `key` = 'webname' ) [ RunTime:0.000373s ]
[ 2011-10-26T19:02:46+08:00 ] SQL: SHOW COLUMNS FROM `oj_config` [ RunTime:0.006113s ]
[ 2011-10-26T19:02:46+08:00 ] SQL: SELECT * FROM `oj_config` WHERE ( `key` = 'webname' ) [ RunTime:0.000549s ]
[ 2011-10-26T19:02:47+08:00 ] SQL: SHOW COLUMNS FROM `oj_config` [ RunTime:0.005300s ]
[ 2011-10-26T19:02:47+08:00 ] SQL: SELECT * FROM `oj_config` WHERE ( `key` = 'webname' ) [ RunTime:0.001524s ]
[ 2011-10-26T19:02:47+08:00 ] SQL: SHOW COLUMNS FROM `oj_config` [ RunTime:0.004692s ]
[ 2011-10-26T19:02:47+08:00 ] SQL: SELECT * FROM `oj_config` WHERE ( `key` = 'webname' ) [ RunTime:0.001826s ]
[ 2011-10-26T19:03:03+08:00 ] SQL: SHOW COLUMNS FROM `oj_config` [ RunTime:0.005672s ]
[ 2011-10-26T19:03:03+08:00 ] SQL: SELECT * FROM `oj_config` WHERE ( `key` = 'webname' ) [ RunTime:0.000431s ]
[ 2011-10-26T19:03:20+08:00 ] SQL: SHOW COLUMNS FROM `oj_config` [ RunTime:0.004491s ]
[ 2011-10-26T19:03:20+08:00 ] SQL: SELECT * FROM `oj_config` WHERE ( `key` = 'webname' ) [ RunTime:0.026977s ]
[ 2011-10-26T19:03:49+08:00 ] SQL: SHOW COLUMNS FROM `oj_config` [ RunTime:0.003814s ]
[ 2011-10-26T19:03:49+08:00 ] SQL: SELECT * FROM `oj_config` WHERE ( `key` = 'webname' ) [ RunTime:0.001554s ]
[ 2011-10-26T19:04:35+08:00 ] SQL: SHOW COLUMNS FROM `oj_config` [ RunTime:0.004339s ]
[ 2011-10-26T19:04:35+08:00 ] SQL: SELECT * FROM `oj_config` WHERE ( `key` = 'webname' ) [ RunTime:0.001832s ]
[ 2011-10-26T19:04:46+08:00 ] SQL: SHOW COLUMNS FROM `oj_config` [ RunTime:0.006302s ]
[ 2011-10-26T19:04:46+08:00 ] SQL: SELECT * FROM `oj_config` WHERE ( `key` = 'webname' ) [ RunTime:0.000481s ]
[ 2011-10-26T19:05:10+08:00 ] SQL: SHOW COLUMNS FROM `oj_config` [ RunTime:0.005277s ]
[ 2011-10-26T19:05:10+08:00 ] SQL: SELECT * FROM `oj_config` WHERE ( `key` = 'webname' ) [ RunTime:0.001991s ]
[ 2011-10-26T19:06:10+08:00 ] SQL: SHOW COLUMNS FROM `oj_config` [ RunTime:0.006464s ]
[ 2011-10-26T19:06:10+08:00 ] SQL: SELECT * FROM `oj_config` WHERE ( `key` = 'webname' ) [ RunTime:0.000754s ]
[ 2011-10-26T19:07:03+08:00 ] SQL: SHOW COLUMNS FROM `oj_config` [ RunTime:0.005015s ]
[ 2011-10-26T19:07:03+08:00 ] SQL: SELECT * FROM `oj_config` WHERE ( `key` = 'webname' ) [ RunTime:0.002583s ]
[ 2011-10-26T19:07:15+08:00 ] SQL: SHOW COLUMNS FROM `oj_config` [ RunTime:0.006635s ]
[ 2011-10-26T19:07:15+08:00 ] SQL: SELECT * FROM `oj_config` WHERE ( `key` = 'webname' ) [ RunTime:0.000508s ]
[ 2011-10-26T19:09:24+08:00 ] SQL: SHOW COLUMNS FROM `oj_config` [ RunTime:0.004880s ]
[ 2011-10-26T19:09:24+08:00 ] SQL: SELECT * FROM `oj_config` WHERE ( `key` = 'webname' ) [ RunTime:0.001854s ]
[ 2011-10-26T19:09:43+08:00 ] SQL: SHOW COLUMNS FROM `oj_config` [ RunTime:0.004971s ]
[ 2011-10-26T19:09:43+08:00 ] SQL: SELECT * FROM `oj_config` WHERE ( `key` = 'webname' ) [ RunTime:0.000378s ]
[ 2011-10-26T19:09:50+08:00 ] SQL: SHOW COLUMNS FROM `oj_config` [ RunTime:0.004325s ]
[ 2011-10-26T19:09:50+08:00 ] SQL: SELECT * FROM `oj_config` WHERE ( `key` = 'webname' ) [ RunTime:0.002886s ]
[ 2011-10-26T19:09:50+08:00 ] NOTIC: [2] parse_url(OnlineJudge://@/Indexsecurity) [<a href='function.parse-url'>function.parse-url</a>]: Unable to parse URL ~runtime.php 第 2 行.
[ 2011-10-26T19:09:55+08:00 ] SQL: SHOW COLUMNS FROM `oj_config` [ RunTime:0.004183s ]
[ 2011-10-26T19:09:55+08:00 ] SQL: SELECT * FROM `oj_config` WHERE ( `key` = 'webname' ) [ RunTime:0.001839s ]
[ 2011-10-26T19:10:03+08:00 ] SQL: SHOW COLUMNS FROM `oj_config` [ RunTime:0.003873s ]
[ 2011-10-26T19:10:03+08:00 ] SQL: SELECT * FROM `oj_config` WHERE ( `key` = 'webname' ) [ RunTime:0.004336s ]
[ 2011-10-26T19:10:03+08:00 ] NOTIC: [2] parse_url(@://Index) [<a href='function.parse-url'>function.parse-url</a>]: Unable to parse URL ~runtime.php 第 2 行.
[ 2011-10-26T19:10:10+08:00 ] SQL: SHOW COLUMNS FROM `oj_config` [ RunTime:0.005688s ]
[ 2011-10-26T19:10:10+08:00 ] SQL: SELECT * FROM `oj_config` WHERE ( `key` = 'webname' ) [ RunTime:0.000422s ]
[ 2011-10-26T19:10:18+08:00 ] SQL: SHOW COLUMNS FROM `oj_config` [ RunTime:0.005137s ]
[ 2011-10-26T19:10:18+08:00 ] SQL: SELECT * FROM `oj_config` WHERE ( `key` = 'webname' ) [ RunTime:0.002360s ]
[ 2011-10-26T19:10:25+08:00 ] SQL: SHOW COLUMNS FROM `oj_config` [ RunTime:0.004590s ]
[ 2011-10-26T19:10:25+08:00 ] SQL: SELECT * FROM `oj_config` WHERE ( `key` = 'webname' ) [ RunTime:0.002150s ]
[ 2011-10-26T19:11:04+08:00 ] SQL: SHOW COLUMNS FROM `oj_config` [ RunTime:0.005586s ]
[ 2011-10-26T19:11:04+08:00 ] SQL: SELECT * FROM `oj_config` WHERE ( `key` = 'webname' ) [ RunTime:0.002028s ]
[ 2011-10-26T19:12:09+08:00 ] SQL: SHOW COLUMNS FROM `oj_config` [ RunTime:0.003778s ]
[ 2011-10-26T19:12:09+08:00 ] SQL: SELECT * FROM `oj_config` WHERE ( `key` = 'webname' ) [ RunTime:0.001695s ]
[ 2011-10-26T19:14:20+08:00 ] SQL: SHOW COLUMNS FROM `oj_config` [ RunTime:0.005116s ]
[ 2011-10-26T19:14:20+08:00 ] SQL: SELECT * FROM `oj_config` WHERE ( `key` = 'webname' ) [ RunTime:0.000595s ]
[ 2011-10-26T19:15:49+08:00 ] SQL: SHOW COLUMNS FROM `oj_config` [ RunTime:0.004027s ]
[ 2011-10-26T19:15:49+08:00 ] SQL: SELECT * FROM `oj_config` WHERE ( `key` = 'webname' ) [ RunTime:0.006112s ]
[ 2011-10-26T19:17:02+08:00 ] SQL: SHOW COLUMNS FROM `oj_config` [ RunTime:0.003927s ]
[ 2011-10-26T19:17:02+08:00 ] SQL: SELECT * FROM `oj_config` WHERE ( `key` = 'webname' ) [ RunTime:0.001768s ]
[ 2011-10-26T19:17:03+08:00 ] SQL: SHOW COLUMNS FROM `oj_config` [ RunTime:0.003093s ]
[ 2011-10-26T19:17:03+08:00 ] SQL: SELECT * FROM `oj_config` WHERE ( `key` = 'webname' ) [ RunTime:0.001406s ]
[ 2011-10-26T19:17:15+08:00 ] SQL: SHOW COLUMNS FROM `oj_config` [ RunTime:0.004126s ]
[ 2011-10-26T19:17:15+08:00 ] SQL: SELECT * FROM `oj_config` WHERE ( `key` = 'webname' ) [ RunTime:0.002359s ]
[ 2011-10-26T19:17:41+08:00 ] SQL: SHOW COLUMNS FROM `oj_config` [ RunTime:0.005264s ]
[ 2011-10-26T19:17:41+08:00 ] SQL: SELECT * FROM `oj_config` WHERE ( `key` = 'webname' ) [ RunTime:0.000537s ]
[ 2011-10-26T19:18:38+08:00 ] SQL: SHOW COLUMNS FROM `oj_config` [ RunTime:0.004696s ]
[ 2011-10-26T19:18:38+08:00 ] SQL: SELECT * FROM `oj_config` WHERE ( `key` = 'webname' ) [ RunTime:0.001742s ]
[ 2011-10-26T19:19:20+08:00 ] SQL: SHOW COLUMNS FROM `oj_config` [ RunTime:0.009369s ]
[ 2011-10-26T19:19:20+08:00 ] SQL: SELECT * FROM `oj_config` WHERE ( `key` = 'webname' ) [ RunTime:0.002134s ]
[ 2011-10-26T19:19:28+08:00 ] SQL: SHOW COLUMNS FROM `oj_config` [ RunTime:0.005338s ]
[ 2011-10-26T19:19:28+08:00 ] SQL: SELECT * FROM `oj_config` WHERE ( `key` = 'webname' ) [ RunTime:0.001307s ]
[ 2011-10-26T19:19:29+08:00 ] SQL: SHOW COLUMNS FROM `oj_config` [ RunTime:0.003541s ]
[ 2011-10-26T19:19:29+08:00 ] SQL: SELECT * FROM `oj_config` WHERE ( `key` = 'webname' ) [ RunTime:0.001636s ]
[ 2011-10-26T19:19:30+08:00 ] SQL: SHOW COLUMNS FROM `oj_config` [ RunTime:0.004105s ]
[ 2011-10-26T19:19:30+08:00 ] SQL: SELECT * FROM `oj_config` WHERE ( `key` = 'webname' ) [ RunTime:0.001575s ]
[ 2011-10-26T19:19:30+08:00 ] SQL: SHOW COLUMNS FROM `oj_config` [ RunTime:0.003203s ]
[ 2011-10-26T19:19:30+08:00 ] SQL: SELECT * FROM `oj_config` WHERE ( `key` = 'webname' ) [ RunTime:0.001396s ]
[ 2011-10-26T19:19:30+08:00 ] SQL: SHOW COLUMNS FROM `oj_config` [ RunTime:0.004677s ]
[ 2011-10-26T19:19:30+08:00 ] SQL: SELECT * FROM `oj_config` WHERE ( `key` = 'webname' ) [ RunTime:0.003140s ]
[ 2011-10-26T19:19:31+08:00 ] SQL: SHOW COLUMNS FROM `oj_config` [ RunTime:0.003379s ]
[ 2011-10-26T19:19:31+08:00 ] SQL: SELECT * FROM `oj_config` WHERE ( `key` = 'webname' ) [ RunTime:0.001334s ]
[ 2011-10-26T19:19:31+08:00 ] SQL: SHOW COLUMNS FROM `oj_config` [ RunTime:0.003812s ]
[ 2011-10-26T19:19:31+08:00 ] SQL: SELECT * FROM `oj_config` WHERE ( `key` = 'webname' ) [ RunTime:0.001810s ]
[ 2011-10-26T19:19:32+08:00 ] SQL: SHOW COLUMNS FROM `oj_config` [ RunTime:0.003932s ]
[ 2011-10-26T19:19:32+08:00 ] SQL: SELECT * FROM `oj_config` WHERE ( `key` = 'webname' ) [ RunTime:0.001320s ]
[ 2011-10-26T19:19:32+08:00 ] SQL: SHOW COLUMNS FROM `oj_config` [ RunTime:0.003801s ]
[ 2011-10-26T19:19:32+08:00 ] SQL: SELECT * FROM `oj_config` WHERE ( `key` = 'webname' ) [ RunTime:0.001736s ]
[ 2011-10-26T19:19:32+08:00 ] SQL: SHOW COLUMNS FROM `oj_config` [ RunTime:0.003605s ]
[ 2011-10-26T19:19:32+08:00 ] SQL: SELECT * FROM `oj_config` WHERE ( `key` = 'webname' ) [ RunTime:0.001616s ]
[ 2011-10-26T19:19:33+08:00 ] SQL: SHOW COLUMNS FROM `oj_config` [ RunTime:0.004039s ]
[ 2011-10-26T19:19:33+08:00 ] SQL: SELECT * FROM `oj_config` WHERE ( `key` = 'webname' ) [ RunTime:0.001627s ]
[ 2011-10-26T19:19:33+08:00 ] SQL: SHOW COLUMNS FROM `oj_config` [ RunTime:0.006312s ]
[ 2011-10-26T19:19:33+08:00 ] SQL: SELECT * FROM `oj_config` WHERE ( `key` = 'webname' ) [ RunTime:0.000474s ]
[ 2011-10-26T19:19:33+08:00 ] SQL: SHOW COLUMNS FROM `oj_config` [ RunTime:0.003131s ]
[ 2011-10-26T19:19:33+08:00 ] SQL: SELECT * FROM `oj_config` WHERE ( `key` = 'webname' ) [ RunTime:0.001376s ]
[ 2011-10-26T19:19:33+08:00 ] SQL: SHOW COLUMNS FROM `oj_config` [ RunTime:0.005339s ]
[ 2011-10-26T19:19:33+08:00 ] SQL: SELECT * FROM `oj_config` WHERE ( `key` = 'webname' ) [ RunTime:0.000870s ]
[ 2011-10-26T19:19:34+08:00 ] SQL: SHOW COLUMNS FROM `oj_config` [ RunTime:0.003152s ]
[ 2011-10-26T19:19:34+08:00 ] SQL: SELECT * FROM `oj_config` WHERE ( `key` = 'webname' ) [ RunTime:0.001761s ]
[ 2011-10-26T19:19:34+08:00 ] SQL: SHOW COLUMNS FROM `oj_config` [ RunTime:0.003113s ]
[ 2011-10-26T19:19:34+08:00 ] SQL: SELECT * FROM `oj_config` WHERE ( `key` = 'webname' ) [ RunTime:0.001256s ]
[ 2011-10-26T19:19:34+08:00 ] SQL: SHOW COLUMNS FROM `oj_config` [ RunTime:0.004056s ]
[ 2011-10-26T19:19:34+08:00 ] SQL: SELECT * FROM `oj_config` WHERE ( `key` = 'webname' ) [ RunTime:0.001367s ]
[ 2011-10-26T19:19:34+08:00 ] SQL: SHOW COLUMNS FROM `oj_config` [ RunTime:0.003156s ]
[ 2011-10-26T19:19:34+08:00 ] SQL: SELECT * FROM `oj_config` WHERE ( `key` = 'webname' ) [ RunTime:0.001350s ]
[ 2011-10-26T19:19:34+08:00 ] SQL: SHOW COLUMNS FROM `oj_config` [ RunTime:0.004189s ]
[ 2011-10-26T19:19:34+08:00 ] SQL: SELECT * FROM `oj_config` WHERE ( `key` = 'webname' ) [ RunTime:0.001648s ]
[ 2011-10-26T19:19:35+08:00 ] SQL: SHOW COLUMNS FROM `oj_config` [ RunTime:0.006980s ]
[ 2011-10-26T19:19:35+08:00 ] SQL: SELECT * FROM `oj_config` WHERE ( `key` = 'webname' ) [ RunTime:0.000550s ]
[ 2011-10-26T19:19:35+08:00 ] SQL: SHOW COLUMNS FROM `oj_config` [ RunTime:0.005787s ]
[ 2011-10-26T19:19:35+08:00 ] SQL: SELECT * FROM `oj_config` WHERE ( `key` = 'webname' ) [ RunTime:0.001967s ]
[ 2011-10-26T19:19:35+08:00 ] SQL: SHOW COLUMNS FROM `oj_config` [ RunTime:0.007205s ]
[ 2011-10-26T19:19:35+08:00 ] SQL: SELECT * FROM `oj_config` WHERE ( `key` = 'webname' ) [ RunTime:0.000472s ]
[ 2011-10-26T19:19:35+08:00 ] SQL: SHOW COLUMNS FROM `oj_config` [ RunTime:0.004339s ]
[ 2011-10-26T19:19:35+08:00 ] SQL: SELECT * FROM `oj_config` WHERE ( `key` = 'webname' ) [ RunTime:0.001480s ]
[ 2011-10-26T19:19:35+08:00 ] SQL: SHOW COLUMNS FROM `oj_config` [ RunTime:0.003741s ]
[ 2011-10-26T19:19:35+08:00 ] SQL: SELECT * FROM `oj_config` WHERE ( `key` = 'webname' ) [ RunTime:0.001757s ]
[ 2011-10-26T19:19:36+08:00 ] SQL: SHOW COLUMNS FROM `oj_config` [ RunTime:0.004223s ]
[ 2011-10-26T19:19:36+08:00 ] SQL: SELECT * FROM `oj_config` WHERE ( `key` = 'webname' ) [ RunTime:0.002665s ]
[ 2011-10-26T19:24:48+08:00 ] SQL: SHOW COLUMNS FROM `oj_config` [ RunTime:0.004003s ]
[ 2011-10-26T19:24:48+08:00 ] SQL: SELECT * FROM `oj_config` WHERE ( `key` = 'webname' ) [ RunTime:0.002252s ]
[ 2011-10-26T19:25:15+08:00 ] SQL: SHOW COLUMNS FROM `oj_config` [ RunTime:0.005256s ]
[ 2011-10-26T19:25:15+08:00 ] SQL: SELECT * FROM `oj_config` WHERE ( `key` = 'webname' ) [ RunTime:0.000455s ]
[ 2011-10-26T19:35:48+08:00 ] SQL: SHOW COLUMNS FROM `oj_user` [ RunTime:0.003552s ]
[ 2011-10-26T19:35:54+08:00 ] SQL: SHOW COLUMNS FROM `oj_user` [ RunTime:0.003553s ]
[ 2011-10-26T19:35:54+08:00 ] SQL: SELECT * FROM `oj_user` LEFT JOIN role WHERE ( `username` = 'XadillaX' ) AND ( `password` = '045f382f08038084d9ef8d74a8402363' ) [ RunTime:0.000274s ]
[ 2011-10-26T19:37:05+08:00 ] SQL: SHOW COLUMNS FROM `oj_user` [ RunTime:0.005600s ]
[ 2011-10-26T19:37:05+08:00 ] SQL: SELECT * FROM `oj_user` LEFT JOIN role WHERE ( `username` = 'XadillaX' ) AND ( `password` = '045f382f08038084d9ef8d74a8402363' ) [ RunTime:0.000282s ]
[ 2011-10-26T19:38:00+08:00 ] SQL: SHOW COLUMNS FROM `oj_user` [ RunTime:0.004648s ]
[ 2011-10-26T19:38:00+08:00 ] SQL: SELECT * FROM `oj_user` LEFT JOIN role WHERE ( `username` = 'XadillaX' ) AND ( `password` = '045f382f08038084d9ef8d74a8402363' ) [ RunTime:0.000279s ]
[ 2011-10-26T19:38:03+08:00 ] SQL: SHOW COLUMNS FROM `oj_user` [ RunTime:0.004381s ]
[ 2011-10-26T19:38:03+08:00 ] SQL: SELECT * FROM `oj_user` LEFT JOIN role WHERE ( `username` = 'XadillaX' ) AND ( `password` = '045f382f08038084d9ef8d74a8402363' ) [ RunTime:0.000703s ]
[ 2011-10-26T19:38:57+08:00 ] SQL: SHOW COLUMNS FROM `oj_user` [ RunTime:0.004763s ]
[ 2011-10-26T19:38:58+08:00 ] SQL: SELECT * FROM `oj_user` LEFT JOIN role on user.roleid = role.roleid WHERE ( `username` = 'XadillaX' ) AND ( `password` = '045f382f08038084d9ef8d74a8402363' ) [ RunTime:0.052473s ]
[ 2011-10-26T19:39:50+08:00 ] SQL: SHOW COLUMNS FROM `oj_user` [ RunTime:0.005477s ]
[ 2011-10-26T19:39:50+08:00 ] SQL: SELECT * FROM `oj_user` LEFT JOIN oj_role ON oj_user.roleid = ojrole.roleid WHERE ( `username` = 'XadillaX' ) AND ( `password` = '045f382f08038084d9ef8d74a8402363' ) [ RunTime:0.077757s ]
[ 2011-10-26T19:41:49+08:00 ] SQL: SHOW COLUMNS FROM `oj_user` [ RunTime:0.006460s ]
[ 2011-10-26T19:41:49+08:00 ] SQL: SELECT * FROM `oj_user` LEFT JOIN role ON user.roleid = role.roleid WHERE ( `username` = 'XadillaX' ) AND ( `password` = '045f382f08038084d9ef8d74a8402363' ) [ RunTime:0.000609s ]
[ 2011-10-26T19:42:16+08:00 ] SQL: SHOW COLUMNS FROM `oj_user` [ RunTime:0.005070s ]
[ 2011-10-26T19:42:17+08:00 ] SQL: SELECT * FROM `oj_user` LEFT JOIN oj_role ON oj_user.roleid = oj_role.roleid WHERE ( `username` = 'XadillaX' ) AND ( `password` = '045f382f08038084d9ef8d74a8402363' ) [ RunTime:0.000593s ]
[ 2011-10-26T19:42:24+08:00 ] SQL: SHOW COLUMNS FROM `oj_user` [ RunTime:0.003647s ]
[ 2011-10-26T19:42:25+08:00 ] SQL: SELECT * FROM `oj_user` LEFT JOIN oj_role ON oj_user.roleid = oj_role.roleid WHERE ( `username` = 'XadillaX' ) AND ( `password` = '045f382f08038084d9ef8d74a8402363' ) [ RunTime:0.000470s ]
[ 2011-10-26T19:43:52+08:00 ] SQL: SHOW COLUMNS FROM `oj_user` [ RunTime:0.008321s ]
[ 2011-10-26T19:43:52+08:00 ] SQL: SELECT * FROM `oj_user` LEFT JOIN oj_role ON oj_user.roleid = oj_role.roleid WHERE ( `username` = 'XadillaX' ) AND ( `password` = '045f382f08038084d9ef8d74a8402363' ) [ RunTime:0.000464s ]
[ 2011-10-26T19:44:56+08:00 ] SQL: SHOW COLUMNS FROM `oj_user` [ RunTime:0.004723s ]
[ 2011-10-26T19:44:57+08:00 ] SQL: SELECT * FROM `oj_user` LEFT JOIN oj_role ON oj_user.roleid = oj_role.roleid WHERE ( `username` = 'XadillaX' ) AND ( `password` = '045f382f08038084d9ef8d74a8402363' ) [ RunTime:0.000639s ]
[ 2011-10-26T19:45:09+08:00 ] SQL: SHOW COLUMNS FROM `oj_user` [ RunTime:0.004631s ]
[ 2011-10-26T19:45:09+08:00 ] SQL: SELECT * FROM `oj_user` LEFT JOIN oj_role ON oj_user.roleid = oj_role.roleid WHERE ( `username` = 'XadillaX' ) AND ( `password` = '045f382f08038084d9ef8d74a8402363' ) [ RunTime:0.000471s ]
[ 2011-10-26T19:45:31+08:00 ] SQL: SHOW COLUMNS FROM `oj_user` [ RunTime:0.005804s ]
[ 2011-10-26T19:45:32+08:00 ] SQL: SELECT * FROM `oj_user` LEFT JOIN oj_role ON oj_user.roleid = oj_role.roleid WHERE ( `username` = 'XadillaX' ) AND ( `password` = '045f382f08038084d9ef8d74a8402363' ) [ RunTime:0.000469s ]
[ 2011-10-26T19:46:18+08:00 ] SQL: SHOW COLUMNS FROM `oj_user` [ RunTime:0.005526s ]
[ 2011-10-26T19:46:19+08:00 ] SQL: SELECT * FROM `oj_user` LEFT JOIN oj_role ON oj_user.roleid = oj_role.roleid WHERE ( `username` = 'XadillaX' ) AND ( `password` = '045f382f08038084d9ef8d74a8402363' ) [ RunTime:0.000460s ]
[ 2011-10-26T19:47:13+08:00 ] SQL: SHOW COLUMNS FROM `oj_user` [ RunTime:0.010909s ]
[ 2011-10-26T19:47:13+08:00 ] SQL: SELECT * FROM `oj_user` LEFT JOIN oj_role ON oj_user.roleid = oj_role.roleid WHERE ( `username` = 'XadillaX' ) AND ( `password` = '045f382f08038084d9ef8d74a8402363' ) [ RunTime:0.000549s ]
[ 2011-10-26T19:47:47+08:00 ] SQL: SHOW COLUMNS FROM `oj_user` [ RunTime:0.004730s ]
[ 2011-10-26T19:47:47+08:00 ] SQL: SELECT * FROM `oj_user` LEFT JOIN oj_role ON oj_user.roleid = oj_role.roleid WHERE ( `username` = 'XadillaX' ) AND ( `password` = '045f382f08038084d9ef8d74a8402363' ) [ RunTime:0.000538s ]
[ 2011-10-26T19:47:51+08:00 ] SQL: SHOW COLUMNS FROM `oj_user` [ RunTime:0.006929s ]
[ 2011-10-26T19:47:52+08:00 ] SQL: SELECT * FROM `oj_user` LEFT JOIN oj_role ON oj_user.roleid = oj_role.roleid WHERE ( `username` = 'XadillaX' ) AND ( `password` = '045f382f08038084d9ef8d74a8402363' ) [ RunTime:0.002653s ]
[ 2011-10-26T19:50:59+08:00 ] SQL: SHOW COLUMNS FROM `oj_config` [ RunTime:0.004030s ]
[ 2011-10-26T19:50:59+08:00 ] SQL: SELECT * FROM `oj_config` WHERE ( `key` = 'webname' ) [ RunTime:0.001647s ]
[ 2011-10-26T19:51:44+08:00 ] SQL: SHOW COLUMNS FROM `oj_config` [ RunTime:0.003941s ]
[ 2011-10-26T19:51:44+08:00 ] SQL: SELECT * FROM `oj_config` WHERE ( `key` = 'webname' ) [ RunTime:0.001331s ]
[ 2011-10-26T19:51:46+08:00 ] SQL: SHOW COLUMNS FROM `oj_config` [ RunTime:0.003468s ]
[ 2011-10-26T19:51:46+08:00 ] SQL: SELECT * FROM `oj_config` WHERE ( `key` = 'webname' ) [ RunTime:0.001688s ]
[ 2011-10-26T19:52:04+08:00 ] SQL: SHOW COLUMNS FROM `oj_config` [ RunTime:0.003289s ]
[ 2011-10-26T19:52:04+08:00 ] SQL: SELECT * FROM `oj_config` WHERE ( `key` = 'webname' ) [ RunTime:0.001874s ]
[ 2011-10-26T19:52:08+08:00 ] SQL: SHOW COLUMNS FROM `oj_user` [ RunTime:0.005755s ]
[ 2011-10-26T19:52:21+08:00 ] SQL: SHOW COLUMNS FROM `oj_user` [ RunTime:0.005282s ]
[ 2011-10-26T19:52:23+08:00 ] SQL: SHOW COLUMNS FROM `oj_user` [ RunTime:0.005517s ]
[ 2011-10-26T19:52:24+08:00 ] SQL: SHOW COLUMNS FROM `oj_user` [ RunTime:0.003683s ]
[ 2011-10-26T19:52:50+08:00 ] SQL: SHOW COLUMNS FROM `oj_user` [ RunTime:0.004628s ]
[ 2011-10-26T19:53:10+08:00 ] SQL: SHOW COLUMNS FROM `oj_config` [ RunTime:0.004708s ]
[ 2011-10-26T19:53:10+08:00 ] SQL: SELECT * FROM `oj_config` WHERE ( `key` = 'webname' ) [ RunTime:0.002303s ]
[ 2011-10-26T19:53:15+08:00 ] SQL: SHOW COLUMNS FROM `oj_config` [ RunTime:0.003492s ]
[ 2011-10-26T19:53:15+08:00 ] SQL: SELECT * FROM `oj_config` WHERE ( `key` = 'webname' ) [ RunTime:0.001761s ]
[ 2011-10-26T19:53:16+08:00 ] SQL: SHOW COLUMNS FROM `oj_config` [ RunTime:0.004252s ]
[ 2011-10-26T19:53:16+08:00 ] SQL: SELECT * FROM `oj_config` WHERE ( `key` = 'webname' ) [ RunTime:0.001598s ]
[ 2011-10-26T19:53:16+08:00 ] SQL: SHOW COLUMNS FROM `oj_config` [ RunTime:0.003654s ]
[ 2011-10-26T19:53:16+08:00 ] SQL: SELECT * FROM `oj_config` WHERE ( `key` = 'webname' ) [ RunTime:0.001560s ]
[ 2011-10-26T19:53:17+08:00 ] SQL: SHOW COLUMNS FROM `oj_config` [ RunTime:0.003217s ]
[ 2011-10-26T19:53:17+08:00 ] SQL: SELECT * FROM `oj_config` WHERE ( `key` = 'webname' ) [ RunTime:0.001399s ]
[ 2011-10-26T19:53:23+08:00 ] SQL: SHOW COLUMNS FROM `oj_config` [ RunTime:0.003516s ]
[ 2011-10-26T19:53:23+08:00 ] SQL: SELECT * FROM `oj_config` WHERE ( `key` = 'webname' ) [ RunTime:0.001895s ]
[ 2011-10-26T19:53:27+08:00 ] SQL: SHOW COLUMNS FROM `oj_user` [ RunTime:0.005227s ]
[ 2011-10-26T19:53:40+08:00 ] SQL: SHOW COLUMNS FROM `oj_user` [ RunTime:0.003741s ]
[ 2011-10-26T19:53:42+08:00 ] SQL: SHOW COLUMNS FROM `oj_user` [ RunTime:0.005098s ]
[ 2011-10-26T19:53:55+08:00 ] SQL: SHOW COLUMNS FROM `oj_user` [ RunTime:0.003896s ]
[ 2011-10-26T19:53:57+08:00 ] SQL: SHOW COLUMNS FROM `oj_user` [ RunTime:0.003734s ]
[ 2011-10-26T19:54:07+08:00 ] SQL: SHOW COLUMNS FROM `oj_user` [ RunTime:0.006250s ]
[ 2011-10-26T19:54:09+08:00 ] SQL: SHOW COLUMNS FROM `oj_user` [ RunTime:0.005021s ]
[ 2011-10-26T19:54:35+08:00 ] SQL: SHOW COLUMNS FROM `oj_user` [ RunTime:0.005116s ]
[ 2011-10-26T19:54:37+08:00 ] SQL: SHOW COLUMNS FROM `oj_user` [ RunTime:0.004402s ]
[ 2011-10-26T19:55:01+08:00 ] SQL: SHOW COLUMNS FROM `oj_user` [ RunTime:0.004412s ]
[ 2011-10-26T19:55:08+08:00 ] SQL: SHOW COLUMNS FROM `oj_user` [ RunTime:0.003431s ]
[ 2011-10-26T19:55:16+08:00 ] SQL: SHOW COLUMNS FROM `oj_user` [ RunTime:0.004309s ]
[ 2011-10-26T19:55:51+08:00 ] SQL: SHOW COLUMNS FROM `oj_user` [ RunTime:0.003992s ]
[ 2011-10-26T19:56:07+08:00 ] SQL: SHOW COLUMNS FROM `oj_user` [ RunTime:0.003591s ]
[ 2011-10-26T19:56:23+08:00 ] SQL: SHOW COLUMNS FROM `oj_user` [ RunTime:0.003820s ]
[ 2011-10-26T19:58:35+08:00 ] SQL: SHOW COLUMNS FROM `oj_config` [ RunTime:0.004251s ]
[ 2011-10-26T19:58:35+08:00 ] SQL: SELECT * FROM `oj_config` WHERE ( `key` = 'webname' ) [ RunTime:0.001867s ]
[ 2011-10-26T19:58:42+08:00 ] SQL: SHOW COLUMNS FROM `oj_user` [ RunTime:0.006055s ]
[ 2011-10-26T19:59:06+08:00 ] SQL: SHOW COLUMNS FROM `oj_config` [ RunTime:0.007160s ]
[ 2011-10-26T19:59:06+08:00 ] SQL: SELECT * FROM `oj_config` WHERE ( `key` = 'webname' ) [ RunTime:0.000748s ]
[ 2011-10-26T19:59:11+08:00 ] SQL: SHOW COLUMNS FROM `oj_user` [ RunTime:0.003877s ]
[ 2011-10-26T20:12:23+08:00 ] SQL: SHOW COLUMNS FROM `oj_config` [ RunTime:0.005355s ]
[ 2011-10-26T20:12:23+08:00 ] SQL: SELECT * FROM `oj_config` WHERE ( `key` = 'webname' ) [ RunTime:0.002224s ]
[ 2011-10-26T20:13:19+08:00 ] SQL: SHOW COLUMNS FROM `oj_user` [ RunTime:0.003721s ]
[ 2011-10-26T20:13:34+08:00 ] SQL: SHOW COLUMNS FROM `oj_user` [ RunTime:0.004667s ]
[ 2011-10-26T20:13:36+08:00 ] SQL: SHOW COLUMNS FROM `oj_user` [ RunTime:0.004635s ]
[ 2011-10-26T20:27:10+08:00 ] SQL: SHOW COLUMNS FROM `oj_user` [ RunTime:0.004559s ]
[ 2011-10-26T21:31:15+08:00 ] SQL: SHOW COLUMNS FROM `oj_config` [ RunTime:0.204287s ]
[ 2011-10-26T21:31:15+08:00 ] SQL: SELECT * FROM `oj_config` WHERE ( `key` = 'webname' ) [ RunTime:0.023838s ]
[ 2011-10-26T22:09:21+08:00 ] SQL: SHOW COLUMNS FROM `oj_config` [ RunTime:0.030275s ]
[ 2011-10-26T22:09:21+08:00 ] SQL: SELECT * FROM `oj_config` WHERE ( `key` = 'webname' ) [ RunTime:0.000701s ]
[ 2011-10-26T22:45:12+08:00 ] SQL: SHOW COLUMNS FROM `oj_config` [ RunTime:0.036601s ]
[ 2011-10-26T22:45:12+08:00 ] SQL: SELECT * FROM `oj_config` WHERE ( `key` = 'webname' ) [ RunTime:0.013276s ]
[ 2011-10-26T22:45:13+08:00 ] SQL: SHOW COLUMNS FROM `oj_config` [ RunTime:0.006299s ]
[ 2011-10-26T22:45:13+08:00 ] SQL: SELECT * FROM `oj_config` WHERE ( `key` = 'webname' ) [ RunTime:0.007156s ]
[ 2011-10-26T22:45:20+08:00 ] SQL: SHOW COLUMNS FROM `oj_config` [ RunTime:0.003065s ]
[ 2011-10-26T22:45:20+08:00 ] SQL: SELECT * FROM `oj_config` WHERE ( `key` = 'webname' ) [ RunTime:0.001985s ]
[ 2011-10-26T22:45:22+08:00 ] SQL: SHOW COLUMNS FROM `oj_config` [ RunTime:0.004880s ]
[ 2011-10-26T22:45:22+08:00 ] SQL: SELECT * FROM `oj_config` WHERE ( `key` = 'webname' ) [ RunTime:0.001869s ]
[ 2011-10-26T22:45:38+08:00 ] SQL: SHOW COLUMNS FROM `oj_config` [ RunTime:0.004961s ]
[ 2011-10-26T22:45:38+08:00 ] SQL: SELECT * FROM `oj_config` WHERE ( `key` = 'webname' ) [ RunTime:0.005127s ]
[ 2011-10-26T22:45:39+08:00 ] SQL: SHOW COLUMNS FROM `oj_config` [ RunTime:0.003743s ]
[ 2011-10-26T22:45:39+08:00 ] SQL: SELECT * FROM `oj_config` WHERE ( `key` = 'webname' ) [ RunTime:0.001199s ]
[ 2011-10-26T22:45:39+08:00 ] SQL: SHOW COLUMNS FROM `oj_config` [ RunTime:0.003681s ]
[ 2011-10-26T22:45:39+08:00 ] SQL: SELECT * FROM `oj_config` WHERE ( `key` = 'webname' ) [ RunTime:0.000957s ]
[ 2011-10-26T22:45:40+08:00 ] SQL: SHOW COLUMNS FROM `oj_config` [ RunTime:0.003962s ]
[ 2011-10-26T22:45:40+08:00 ] SQL: SELECT * FROM `oj_config` WHERE ( `key` = 'webname' ) [ RunTime:0.001471s ]
[ 2011-10-26T22:45:54+08:00 ] SQL: SHOW COLUMNS FROM `oj_config` [ RunTime:0.004549s ]
[ 2011-10-26T22:45:54+08:00 ] SQL: SELECT * FROM `oj_config` WHERE ( `key` = 'webname' ) [ RunTime:0.001904s ]
[ 2011-10-26T22:48:20+08:00 ] SQL: SHOW COLUMNS FROM `oj_config` [ RunTime:0.022818s ]
[ 2011-10-26T22:48:20+08:00 ] SQL: SELECT * FROM `oj_config` WHERE ( `key` = 'webname' ) [ RunTime:0.002239s ]
[ 2011-10-26T22:48:39+08:00 ] SQL: SHOW COLUMNS FROM `oj_config` [ RunTime:0.007237s ]
[ 2011-10-26T22:48:39+08:00 ] SQL: SELECT * FROM `oj_config` WHERE ( `key` = 'webname' ) [ RunTime:0.003039s ]
[ 2011-10-26T22:49:15+08:00 ] SQL: SHOW COLUMNS FROM `oj_config` [ RunTime:0.005716s ]
[ 2011-10-26T22:49:15+08:00 ] SQL: SELECT * FROM `oj_config` WHERE ( `key` = 'webname' ) [ RunTime:0.003543s ]
[ 2011-10-26T22:49:22+08:00 ] SQL: SHOW COLUMNS FROM `oj_config` [ RunTime:0.013024s ]
[ 2011-10-26T22:49:22+08:00 ] SQL: SELECT * FROM `oj_config` WHERE ( `key` = 'webname' ) [ RunTime:0.001380s ]
[ 2011-10-26T22:49:45+08:00 ] SQL: SHOW COLUMNS FROM `oj_config` [ RunTime:0.003972s ]
[ 2011-10-26T22:49:45+08:00 ] SQL: SELECT * FROM `oj_config` WHERE ( `key` = 'webname' ) [ RunTime:0.001955s ]
[ 2011-10-26T22:49:53+08:00 ] SQL: SHOW COLUMNS FROM `oj_config` [ RunTime:0.004325s ]
[ 2011-10-26T22:49:53+08:00 ] SQL: SELECT * FROM `oj_config` WHERE ( `key` = 'webname' ) [ RunTime:0.004564s ]
[ 2011-10-26T22:49:54+08:00 ] SQL: SHOW COLUMNS FROM `oj_config` [ RunTime:0.005763s ]
[ 2011-10-26T22:49:54+08:00 ] SQL: SELECT * FROM `oj_config` WHERE ( `key` = 'webname' ) [ RunTime:0.000367s ]
[ 2011-10-26T22:50:04+08:00 ] SQL: SHOW COLUMNS FROM `oj_config` [ RunTime:0.004085s ]
[ 2011-10-26T22:50:04+08:00 ] SQL: SELECT * FROM `oj_config` WHERE ( `key` = 'webname' ) [ RunTime:0.001602s ]
[ 2011-10-26T22:50:04+08:00 ] SQL: SHOW COLUMNS FROM `oj_config` [ RunTime:0.004651s ]
[ 2011-10-26T22:50:04+08:00 ] SQL: SELECT * FROM `oj_config` WHERE ( `key` = 'webname' ) [ RunTime:0.000440s ]
[ 2011-10-26T22:50:13+08:00 ] SQL: SHOW COLUMNS FROM `oj_config` [ RunTime:0.003994s ]
[ 2011-10-26T22:50:13+08:00 ] SQL: SELECT * FROM `oj_config` WHERE ( `key` = 'webname' ) [ RunTime:0.002225s ]
[ 2011-10-26T22:52:07+08:00 ] SQL: SHOW COLUMNS FROM `oj_config` [ RunTime:0.004089s ]
[ 2011-10-26T22:52:07+08:00 ] SQL: SELECT * FROM `oj_config` WHERE ( `key` = 'webname' ) [ RunTime:0.001553s ]
[ 2011-10-26T22:52:26+08:00 ] SQL: SHOW COLUMNS FROM `oj_config` [ RunTime:0.007286s ]
[ 2011-10-26T22:52:26+08:00 ] SQL: SELECT * FROM `oj_config` WHERE ( `key` = 'webname' ) [ RunTime:0.002961s ]
[ 2011-10-26T22:52:33+08:00 ] SQL: SHOW COLUMNS FROM `oj_config` [ RunTime:0.003503s ]
[ 2011-10-26T22:52:33+08:00 ] SQL: SELECT * FROM `oj_config` WHERE ( `key` = 'webname' ) [ RunTime:0.001695s ]
[ 2011-10-26T22:52:34+08:00 ] SQL: SHOW COLUMNS FROM `oj_config` [ RunTime:0.004308s ]
[ 2011-10-26T22:52:34+08:00 ] SQL: SELECT * FROM `oj_config` WHERE ( `key` = 'webname' ) [ RunTime:0.002332s ]
[ 2011-10-26T22:52:35+08:00 ] SQL: SHOW COLUMNS FROM `oj_config` [ RunTime:0.004702s ]
[ 2011-10-26T22:52:35+08:00 ] SQL: SELECT * FROM `oj_config` WHERE ( `key` = 'webname' ) [ RunTime:0.000468s ]
[ 2011-10-26T22:52:35+08:00 ] SQL: SHOW COLUMNS FROM `oj_config` [ RunTime:0.003410s ]
[ 2011-10-26T22:52:35+08:00 ] SQL: SELECT * FROM `oj_config` WHERE ( `key` = 'webname' ) [ RunTime:0.001484s ]
[ 2011-10-26T22:52:36+08:00 ] SQL: SHOW COLUMNS FROM `oj_config` [ RunTime:0.003310s ]
[ 2011-10-26T22:52:36+08:00 ] SQL: SELECT * FROM `oj_config` WHERE ( `key` = 'webname' ) [ RunTime:0.001336s ]
[ 2011-10-26T22:52:54+08:00 ] SQL: SHOW COLUMNS FROM `oj_config` [ RunTime:0.003723s ]
[ 2011-10-26T22:52:54+08:00 ] SQL: SELECT * FROM `oj_config` WHERE ( `key` = 'webname' ) [ RunTime:0.001469s ]
[ 2011-10-26T22:54:27+08:00 ] SQL: SHOW COLUMNS FROM `oj_config` [ RunTime:0.003347s ]
[ 2011-10-26T22:54:27+08:00 ] SQL: SELECT * FROM `oj_config` WHERE ( `key` = 'webname' ) [ RunTime:0.001489s ]
[ 2011-10-26T22:54:30+08:00 ] SQL: SHOW COLUMNS FROM `oj_config` [ RunTime:0.013487s ]
[ 2011-10-26T22:54:30+08:00 ] SQL: SELECT * FROM `oj_config` WHERE ( `key` = 'webname' ) [ RunTime:0.001676s ]
[ 2011-10-26T22:54:36+08:00 ] SQL: SHOW COLUMNS FROM `oj_config` [ RunTime:0.004220s ]
[ 2011-10-26T22:54:36+08:00 ] SQL: SELECT * FROM `oj_config` WHERE ( `key` = 'webname' ) [ RunTime:0.001890s ]
[ 2011-10-26T22:54:39+08:00 ] SQL: SHOW COLUMNS FROM `oj_config` [ RunTime:0.004062s ]
[ 2011-10-26T22:54:39+08:00 ] SQL: SELECT * FROM `oj_config` WHERE ( `key` = 'webname' ) [ RunTime:0.001548s ]
[ 2011-10-26T22:54:56+08:00 ] SQL: SHOW COLUMNS FROM `oj_config` [ RunTime:0.005426s ]
[ 2011-10-26T22:54:57+08:00 ] SQL: SELECT * FROM `oj_config` WHERE ( `key` = 'webname' ) [ RunTime:0.005809s ]
[ 2011-10-26T22:55:14+08:00 ] SQL: SHOW COLUMNS FROM `oj_user` [ RunTime:0.004365s ]
[ 2011-10-26T22:57:43+08:00 ] SQL: SHOW COLUMNS FROM `oj_user` [ RunTime:0.004284s ]
[ 2011-10-26T22:57:45+08:00 ] SQL: SHOW COLUMNS FROM `oj_user` [ RunTime:0.005022s ]
[ 2011-10-26T23:26:10+08:00 ] SQL: SHOW COLUMNS FROM `oj_config` [ RunTime:0.005375s ]
[ 2011-10-26T23:26:10+08:00 ] SQL: SELECT * FROM `oj_config` WHERE ( `key` = 'webname' ) [ RunTime:0.004268s ]
[ 2011-10-26T23:35:41+08:00 ] SQL: SHOW COLUMNS FROM `oj_config` [ RunTime:0.020859s ]
[ 2011-10-26T23:35:41+08:00 ] SQL: SELECT * FROM `oj_config` WHERE ( `key` = 'webname' ) [ RunTime:0.002314s ]
[ 2011-10-26T23:41:03+08:00 ] SQL: SHOW COLUMNS FROM `oj_config` [ RunTime:0.014698s ]
[ 2011-10-26T23:41:03+08:00 ] SQL: SELECT * FROM `oj_config` WHERE ( `key` = 'webname' ) [ RunTime:0.001660s ]
[ 2011-10-26T23:41:30+08:00 ] SQL: SHOW COLUMNS FROM `oj_config` [ RunTime:0.003421s ]
[ 2011-10-26T23:41:30+08:00 ] SQL: SELECT * FROM `oj_config` WHERE ( `key` = 'webname' ) [ RunTime:0.001247s ]
[ 2011-10-26T23:41:37+08:00 ] SQL: SHOW COLUMNS FROM `oj_config` [ RunTime:0.004829s ]
[ 2011-10-26T23:41:37+08:00 ] SQL: SELECT * FROM `oj_config` WHERE ( `key` = 'webname' ) [ RunTime:0.001100s ]
[ 2011-10-26T23:41:39+08:00 ] SQL: SHOW COLUMNS FROM `oj_config` [ RunTime:0.003112s ]
[ 2011-10-26T23:41:39+08:00 ] SQL: SELECT * FROM `oj_config` WHERE ( `key` = 'webname' ) [ RunTime:0.001402s ]
[ 2011-10-26T23:41:39+08:00 ] SQL: SHOW COLUMNS FROM `oj_config` [ RunTime:0.007403s ]
[ 2011-10-26T23:41:39+08:00 ] SQL: SELECT * FROM `oj_config` WHERE ( `key` = 'webname' ) [ RunTime:0.000477s ]
[ 2011-10-26T23:42:00+08:00 ] SQL: SHOW COLUMNS FROM `oj_user` [ RunTime:0.004610s ]
