A n7m is a n4r-b3d w2d.

M2t c6y, a n7m is a w2d w3e a n4r is u2d to f2m an
a10n  (a4t n1t an a5m or an i8m). P9g t1e
l5s a1d n5s m1y s3d s5r to t1e f2l w2d: "K9" f1r "c4e"
(p10y: "k1y" + "n2e"). A s5r e5e in F4h is "K7" f1r
"c6e" (p10y: "ka" + "s2t").

A11y, t1e l5s b5n t1e f3t a1d l2t a1e r6d by a
n4r r10g t1e n4r of l5s o5d, s2h as "i18n" f1r
"i18n". S7s t1e l2t l4r w2l a2o be c5d
a1d o5d.

A7g to T1x T3n, t1e f3t n7m of t2s k2d w1s "S12n", t1e
e8c m2l a5t n2e g3n to D1C e6e J1n S12n by
a s4m a11r b5e h1s s5e w1s t1o l2g to be an a5t
n2e. C8s w1o f3d J1n's n2e u13e o3n r6d to
h1m v6y as "S12n". T1e u1e of s2h n8s b4e p2t of D1C
c7e c5e.
  a
 aa
 a1a
  a  aa  a1a a2a
a4A A2a/a2a
'a'a'"a1a"""a1a  AA'
A12345P3P
A2Z   a2b';[]12d5d1=-=-29604304s2j,x2a
