1
2
2
4
452810091
27222522
10434367
487174113
445123634
483042772
247405076
79825816
43643181
814037367
488035809
67769649
9349114
8317882
406187805
136664084
250846733
44190299
752973087
445257919
776528107
104504064
454597083
765769813
34027358
328200231
357930477
406685310
78634126
184699432
854227127
252398310
41880310
173549712
137450296
101325443
23239431
104520221
62539108
429833
725484486
295394732
768631588
291906171
49500083
534880511
109437713
219360560
122700804
628414199
169981295
106826049
109416928
601073245
79876290
323011790
35766086
15064086
719704522
167359571
313693369
121241424
464647433
568174214
138089000
371109973
108336406
583899815
561260873
328242577
257877819
483535790
146762708
170932447
22505909
480661151
56784712
451159871
34729384
187399606
119095537
198654805
378551670
461455682
84080279
156388574
19446986
49006228
28571724
369963995
301118779
140339813
58303112
21071727
22950838
312109014
93248263
318161669
164973972
145324971
422001468
76085680
361259416
105965673
178981530
37609250
48212062
5021319
743750453
177317469
22972390
444499845
21355255
350106741
615309272
162946324
5472458
149386725
17870712
332919782
892935054
44097206
289736914
232453634
27964390
24052566
191753113
483970529
264243712
24931023
183546063
109444436
288617196
19796482
164739157
184306549
196161357
331309045
425099014
190317699
106515677
272019692
9636740
59065751
452494338
400108354
126908110
234655154
29704015
149911614
95673516
76461037
212686306
974588261
116159756
3420864
11903154
759729983
254227305
829047711
19079987
133546796
160336954
2877039
248327987
527324112
155758935
33362240
622193366
801499032
194566479
187070686
618783612
196430516
42912236
95485815
24159594
463775253
230787798
264831870
6803359
712116708
196323934
197002424
50329987
125808615
503532109
162066988
91989431
374729706
107415350
199030305
998274389
358608342
399729892
11405593
231773271
12536081
906643869
4476748
401281195
543101640
35822593
104794
272276917
45720420
282773324
200712468
103260087
133892898
163968628
442642142
162863797
397374635
595992554
160803496
199290627
152591333
841330260
82526232
476955466
72725801
3305262
272362756
31175145
591488
602584275
113474218
49401705
384391348
912009767
40658215
533508442
142016532
46606411
17673352
22204023
895555
446720901
26510865
766952801
683023722
18343733
30360950
393878931
292953766
117995760
275894110
163745287
217399137
84351830
463245063
538938077
311639805
32601787
274726244
75650894
1805849
344856268
74675749
628344869
69152679
80330477
575225501
893399224
559300803
309642250
113416537
514782672
172231325
425967314
313129952
90816657
260596537
297168965
109271672
72326580
203172809
228384940
908421161
118529036
357351878
36337318
342432352
359843189
304314469
33159550
623542042
372376023
109333067
95580616
36333439
2015655
62227292
76810793
313841416
125046800
32165752
298125341
26361485
261371710
143377990
92670480
107182475
807598856
95532923
256010573
122374744
15993008
262592314
32165883
57754939
602720232
377204491
560697530
25286187
309367824
234426046
9942629
8369780
147547657
817815164
10184185
351303161
442747431
240506175
67421388
175133842
90152289
151256986
189525586
103809252
221552489
28790463
465371062
117138582
414134007
33022858
109651880
668797814
316161453
54484409
701612118
543461374
417254050
447479622
844246236
20272137
93583159
4082541
233487697
331494191
224973286
126810802
601467356
104522118
597901760
24209305
444240715
286509330
375430567
623944398
718620585
512703432
649803173
26715319
22702249
190918069
31775030
562007738
153433863
167969039
92574669
65106148
269128842
957851717
222647878
325778241
447739658
351430940
263574014
796852484
877826777
551653535
20243935
131700084
149290721
161172580
661464978
620077926
215338395
7337047
178599588
431131351
640452438
4138040
380877353
4424958
112241754
391697086
547878753
304364833
19701086
117655816
128833859
116867597
210235432
175209660
73953251
955954454
27848009
93580056
722582087
312494007
108714501
361050254
38742586
170798218
73616593
134110729
125342869
160365815
10102779
110068255
247792989
579414638
187906651
155567415
204087992
327494221
70536098
215071765
55776380
65762003
1797393
1864143
350086437
916458489
183753695
53526786
187169384
6005434
53050020
271967358
52467681
108159735
60119526
835896212
384936538
452739349
665457507
287451762
293011047
736281826
63176226
20472857
360484360
47636412
33594253
70646249
671196939
53540990
139871834
172232476
341873224
155374247
468986140
76205654
520834187
496312936
68680046
169784636
667676748
137690316
137788341
53728279
389057581
351943909
754284605
135274819
621182006
155847692
887024967
853160495
796362080
754352412
21105930
693392557
152855137
3767500
334222219
50089870
292162405
161520831
146616406
317738908
58316242
71827717
785351434
408783749
7962781
34474681
359029076
232148900
200787284
141840002
234573691
32826917
171167029
370162839
267652124
126078136
310483821
734524120
112933878
158582629
181081430
361517973
280957561
234661951
68462792
531215800
10816138
387714412
424297215
36253608
340890633
789692950
767167494
768610586
295913196
33305280
4346729
474039
18871846
769661974
408727888
664528141
49866598
128566726
317428180
46345321
684444502
6822052
331913451
247503472
292143016
65966198
47926827
3855502
33271347
100125427
165018956
361483994
212754589
203686851
257392335
575710510
56454061
114307790
239190338
505498471
198373452
1707970
172008025
564773950
538777809
698548957
576255516
96794
767875434
91872915
160697512
75886970
629343432
882754057
95755956
124362716
309308610
434595895
175934070
173330640
30996997
727628787
525544393
44912494
108221898
119458309
320193544
41661357
460036230
245639111
59059480
75513303
16185883
418153326
218908153
97206400
69397190
74605863
15249305
306354447
122014009
24437121
181335907
529407333
945523931
80979941
364003522
565394772
352426364
810832360
260492583
5614098
66381070
13442649
354970
27342403
9129283
550768446
20030595
607926108
359958360
232834167
85074
24822864
325298055
157344856
116724398
360269983
238164703
688767704
86717156
867769146
479810554
206011199
146879698
595752056
110771493
259844952
106664954
254639628
839898891
267659625
286718818
2721131
363339889
106610454
308131390
807366500
11122046
125020252
27932368
20995471
133680451
14726983
29204956
790980564
87692204
5288990
730355032
106401167
331337395
19265386
55062984
85637438
444968788
54208002
133902718
356035212
47392616
94746830
160913638
373389847
507656127
221622612
350199545
475881999
203382791
60599325
86682390
24663130
26527446
56207005
152053299
132026053
10783866
294201546
395661497
406526341
9815521
86085250
598880622
159074669
599842827
494931342
8367668
181914150
16808552
468050061
91190004
114807940
199785180
48214850
564930182
756620438
522358204
932391167
59780423
17699491
202149
117403283
3489527
78074115
44613587
307039692
719257799
40919998
38132661
479693832
185541318
41555670
51239020
480572541
20272815
41702502
43554269
63179535
236598159
5111429
137653932
620959911
402741602
692828588
500904492
316719574
137057174
453129
305064813
304389737
250527183
532056764
914130509
696476215
286602470
223111773
837284570
367464950
198554984
852534662
8723969
312288886
166168729
700222508
147963719
467276840
585408918
66614889
29415010
309540605
106984610
219572581
352943431
308363086
2826874
240335350
66392225
138206591
605611453
274347830
45398220
4670632
1422030
93066328
479081916
67871931
252508695
181411710
201324375
621274711
316423109
610399907
184873219
100186698
359177270
206529594
377584709
191654358
75765285
448823880
521286146
425020620
304613515
191201034
473353020
83476503
365400660
635003527
592769359
368955560
414110684
15817636
449359799
639576373
71596968
298578460
14857583
965927650
639883177
154447548
71226245
142638738
35457411
556753965
108193319
65073737
422875689
103631363
344049819
72776100
84651943
63582385
175608164
141971742
669100411
110251487
480784910
875108188
241837325
421721164
19739564
126260057
173621127
238179237
433580059
267118579
121833212
84338149
84242340
49550808
308684414
9111305
173757855
39654255
765113091
600470973
766435395
350620279
179066508
230608967
83863028
11701000
893170
416043143
26680630
249436829
139731304
6438302
875610243
43767068
8319830
639444349
214834341
385175264
5991095
474439680
3407274
295834722
829798389
465686790
138969486
72689473
125299650
724059103
26324927
31171007
47069958
580134760
178952222
77483837
229691671
220726564
35401896
489981182
617741256
242561270
216701241
461876637
256755996
202368730
455023309
368045477
64298759
971606666
41758061
183701792
21957659
15430517
603193207
228433816
99214446
1280772
342755331
5892422
112255352
593413053
838883230
117958748
26586087
344237241
83665386
7326025
229056045
315482891
39429758
499165611
489706340
85697020
196745416
50679164
244572508
22145488
763395375
179471805
231531781
605500716
220886017
537012649
35111788
499608733
685690011
424217911
62885576
9138993
265515754
781759772
74775662
309258042
516497601
12097040
173628037
19843097
744446746
305223372
236704935
1001340
392197524
246897641
47396774
41348236
23651962
398297642
169722926
387966461
16801754
151426925
128162661
851877709
81204683
407705532
51053228
564616905
668666721
432923617
45677640
104951369
752544676
785225748
278039816
20542510
13108860
62321986
189289429
433970402
185150896
706777377
418835324
9265759
235881270
10648065
553557994
2516608
472812204
612614404
56494774
321047694
645340850
27096096
149521562
277117789
380221076
245528475
213875081
396058314
933532751
162638974
821335669
79462220
588446382
128641366
