[ 2011-10-26T15:29:23+08:00 ] NOTIC: [2] session_start() [<a href='function.session-start'>function.session-start</a>]: Cannot send session cache limiter - headers already sent (output started at D:\XAMPP\htdocs\oj\Examples\config.php:1) App.class.php 第 64 行.
[ 2011-10-26T15:29:23+08:00 ] SQL: SHOW COLUMNS FROM `think_member` [ RunTime:0.012293s ]
[ 2011-10-26T15:29:23+08:00 ] SQL: INSERT INTO `think_member` (`name`,`dept_id`) VALUES ('thinkphp',1) [ RunTime:0.001770s ]
[ 2011-10-26T15:29:23+08:00 ] SQL: SHOW COLUMNS FROM `think_profile` [ RunTime:0.006402s ]
[ 2011-10-26T15:29:23+08:00 ] SQL: INSERT INTO `think_profile` (`email`,`nickname`,`member_id`) VALUES ('liu21st@gmail.com','流年',19) [ RunTime:0.000485s ]
[ 2011-10-26T15:29:23+08:00 ] SQL: SHOW COLUMNS FROM `think_dept` [ RunTime:0.038970s ]
[ 2011-10-26T15:29:23+08:00 ] SQL: SHOW COLUMNS FROM `think_card` [ RunTime:0.009538s ]
[ 2011-10-26T15:29:23+08:00 ] SQL: INSERT INTO `think_card` (`id`,`card`,`member_id`) VALUES (1,'12345678',19) [ RunTime:0.000934s ]
[ 2011-10-26T15:29:23+08:00 ] SQL: INSERT INTO `think_card` (`id`,`card`,`member_id`) VALUES (2,'88888888',19) [ RunTime:0.000394s ]
[ 2011-10-26T15:29:23+08:00 ] SQL: SHOW COLUMNS FROM `think_groups` [ RunTime:0.005430s ]
[ 2011-10-26T15:29:23+08:00 ] SQL: DELETE FROM `think_member_groups` WHERE member_id='19' [ RunTime:0.002403s ]
[ 2011-10-26T15:29:23+08:00 ] SQL: INSERT INTO think_member_groups (member_id,Groups_id) SELECT a.id,b.id FROM think_member AS a ,think_groups AS b where a.id =19 AND  b.id IN (1,2)  [ RunTime:0.012168s ]
[ 2011-10-26T15:29:23+08:00 ] SQL: SELECT * FROM `think_member` WHERE ( `id` = 19 ) LIMIT 1  [ RunTime:0.000253s ]
[ 2011-10-26T15:29:23+08:00 ] SQL: SELECT * FROM `think_profile` WHERE 1=1 AND member_id='19' LIMIT 1  [ RunTime:0.000245s ]
[ 2011-10-26T15:29:23+08:00 ] SQL: SELECT * FROM `think_dept` WHERE 1=1 AND id='1' LIMIT 1  [ RunTime:0.000342s ]
[ 2011-10-26T15:29:23+08:00 ] SQL: SELECT * FROM `think_card` WHERE 1=1 AND member_id='19' [ RunTime:0.000352s ]
[ 2011-10-26T15:29:23+08:00 ] SQL: SELECT b.* FROM think_member_groups AS a, think_groups AS b WHERE a.Groups_id = b.id AND a. member_id='19' [ RunTime:0.002954s ]
[ 2011-10-26T15:29:23+08:00 ] SQL: SELECT * FROM `think_member` WHERE ( `id` = 19 ) LIMIT 1  [ RunTime:0.000429s ]
[ 2011-10-26T15:29:23+08:00 ] SQL: SELECT * FROM `think_profile` WHERE 1=1 AND member_id='19' LIMIT 1  [ RunTime:0.000335s ]
[ 2011-10-26T15:29:23+08:00 ] SQL: SELECT * FROM `think_member` [ RunTime:0.000235s ]
[ 2011-10-26T15:29:23+08:00 ] SQL: SELECT * FROM `think_profile` WHERE 1=1 AND member_id='19' LIMIT 1  [ RunTime:0.000266s ]
[ 2011-10-26T15:29:23+08:00 ] SQL: SELECT * FROM `think_dept` WHERE 1=1 AND id='1' LIMIT 1  [ RunTime:0.000375s ]
[ 2011-10-26T15:29:23+08:00 ] SQL: SELECT * FROM `think_card` WHERE 1=1 AND member_id='19' [ RunTime:0.002237s ]
[ 2011-10-26T15:29:23+08:00 ] SQL: SELECT b.* FROM think_member_groups AS a, think_groups AS b WHERE a.Groups_id = b.id AND a. member_id='19' [ RunTime:0.000815s ]
[ 2011-10-26T15:29:23+08:00 ] SQL: UPDATE `think_member` SET `id`=19,`name`='tp',`dept_id`='1' WHERE id=19 [ RunTime:0.017568s ]
[ 2011-10-26T15:29:23+08:00 ] SQL: UPDATE `think_profile` SET `id`='19',`member_id`='19',`email`='thinkphp@qq.com',`nickname`='流年' WHERE member_id='19' [ RunTime:0.000541s ]
[ 2011-10-26T15:29:23+08:00 ] SQL: UPDATE `think_card` SET `id`=1,`card`='66666666' WHERE id =1 [ RunTime:0.000295s ]
[ 2011-10-26T15:29:23+08:00 ] SQL: INSERT INTO `think_card` (`card`,`member_id`) VALUES ('77777777',19) [ RunTime:0.000230s ]
[ 2011-10-26T15:29:23+08:00 ] SQL: DELETE FROM `think_member_groups` WHERE member_id='19' [ RunTime:0.000462s ]
[ 2011-10-26T15:29:23+08:00 ] SQL: INSERT INTO think_member_groups (member_id,Groups_id) SELECT a.id,b.id FROM think_member AS a ,think_groups AS b where a.id =19 AND  b.id IN (2)  [ RunTime:0.003415s ]
[ 2011-10-26T15:29:23+08:00 ] SQL: SELECT * FROM `think_member` WHERE ( `id` = 19 ) LIMIT 1  [ RunTime:0.000488s ]
[ 2011-10-26T15:29:23+08:00 ] SQL: SELECT * FROM `think_profile` WHERE 1=1 AND member_id='19' LIMIT 1  [ RunTime:0.000361s ]
[ 2011-10-26T15:29:23+08:00 ] SQL: SELECT * FROM `think_dept` WHERE 1=1 AND id='1' LIMIT 1  [ RunTime:0.000596s ]
[ 2011-10-26T15:29:23+08:00 ] SQL: SELECT * FROM `think_card` WHERE 1=1 AND member_id='19' [ RunTime:0.000619s ]
[ 2011-10-26T15:29:23+08:00 ] SQL: SELECT b.* FROM think_member_groups AS a, think_groups AS b WHERE a.Groups_id = b.id AND a. member_id='19' [ RunTime:0.000337s ]
[ 2011-10-26T15:29:23+08:00 ] SQL: DELETE FROM `think_member` WHERE ( `id` = 19 ) [ RunTime:0.000445s ]
[ 2011-10-26T15:29:23+08:00 ] SQL: DELETE FROM `think_profile` WHERE member_id='19' [ RunTime:0.000506s ]
[ 2011-10-26T15:29:23+08:00 ] SQL: DELETE FROM `think_card` WHERE member_id='19' [ RunTime:0.000427s ]
[ 2011-10-26T15:29:24+08:00 ] SQL: DELETE FROM `think_member_groups` WHERE member_id='19' [ RunTime:0.000341s ]
[ 2011-10-26T15:29:24+08:00 ] NOTIC: [2] Cannot modify header information - headers already sent by (output started at D:\XAMPP\htdocs\oj\Examples\config.php:1) View.class.php 第 184 行.
[ 2011-10-26T15:29:24+08:00 ] NOTIC: [2] Cannot modify header information - headers already sent by (output started at D:\XAMPP\htdocs\oj\Examples\config.php:1) View.class.php 第 185 行.
[ 2011-10-26T15:29:24+08:00 ] NOTIC: [2] Cannot modify header information - headers already sent by (output started at D:\XAMPP\htdocs\oj\Examples\config.php:1) View.class.php 第 186 行.
