a has First Blood
a has Double Kill
a has Triple Kill
a is Killing Spree
a has First Blood
a has Double Kill
a is Killing Spree
a has Triple Kill
a is Dominating
a has Ultra Kill
a is Mega Kill
a has Rampage
a is Unstoppable
a has Rampage
a is Wicked Sick
a has Rampage
a is M-m-m-m...onster Kill
a has Rampage
a is Godlike
a has Rampage
a is Beyond Godlike
a has Rampage
a is Beyond Godlike
a is Beyond Godlike
a is Beyond Godlike
a is Beyond Godlike
k has Double Kill
a has First Blood
a has First Blood
a has First Blood
h has Double Kill
g has Double Kill
f has Double Kill
h has Triple Kill
h is Killing Spree
g has Triple Kill
g is Killing Spree
f has Triple Kill
f is Killing Spree
h has Ultra Kill
h is Dominating
g has Ultra Kill
g is Dominating
f has Ultra Kill
f is Dominating
